2017-04-06 13:33:31.181 INFO  com.html.service.HtmlService - 图片验证的结果：{[]},发送的code{[]},JSESSIONID的值{[]}
2017-04-06 13:34:26.845 INFO  com.html.service.HtmlService - 图片验证的结果：[{result:true}],发送的code:[mpc6],JSESSIONID的值:[27B96D42A979A21BCD656E203849E7DC]
2017-04-06 13:43:06.999 INFO  com.html.service.HtmlService - 图片验证的结果：[true],发送的code:[mpc6],JSESSIONID的值:[27B96D42A979A21BCD656E203849E7DC]
2017-04-06 13:43:22.116 INFO  com.html.service.HtmlService - 图片验证的结果：[false],发送的code:[mpc6],JSESSIONID的值:[]
2017-04-06 13:43:47.568 INFO  com.html.service.HtmlService - 图片验证的结果：[{result:false}],发送的code:[mpc6],JSESSIONID的值:[]
2017-04-06 14:06:48.048 INFO  com.html.service.HtmlService - JSESSIONID--->57CC3AF725D21A3E8E910F78E4F597B0
2017-04-06 14:06:48.259 INFO  com.html.service.HtmlService - action--->login;jsessionid=57CC3AF725D21A3E8E910F78E4F597B0
2017-04-06 14:06:48.267 INFO  com.html.service.HtmlService - lt--->_c5EA55200-09AE-3BF0-C096-ECCCF08EDC84_kFD5C9611-0BBC-83B1-102A-D7A0E1B48647
2017-04-06 14:06:48.268 INFO  com.html.service.HtmlService - _eventId--->submit
2017-04-06 14:15:08.480 INFO  com.html.service.HtmlService - 图片生成成功.
2017-04-06 14:15:30.697 INFO  com.html.service.HtmlService - 图片生成成功.
2017-04-06 14:16:43.464 INFO  com.html.service.HtmlService - JSESSIONID--->ED1797657EB0E044389D9C34A6205695
2017-04-06 14:16:43.701 INFO  com.html.service.HtmlService - action--->login;jsessionid=ED1797657EB0E044389D9C34A6205695
2017-04-06 14:16:43.709 INFO  com.html.service.HtmlService - lt--->_c7E2A3EF9-DEA3-118F-AE23-B318237BED4F_kA3F0814B-FE9A-0BAB-1610-4936B2235063
2017-04-06 14:16:43.710 INFO  com.html.service.HtmlService - _eventId--->submit
2017-04-06 14:16:43.731 INFO  com.html.service.HtmlService - JSESSIONID--->FF6185F78097E179A39420B86F74AE02
2017-04-06 14:16:43.752 INFO  com.html.service.HtmlService - action--->login;jsessionid=FF6185F78097E179A39420B86F74AE02
2017-04-06 14:16:43.753 INFO  com.html.service.HtmlService - lt--->_c354C0FE3-FE0B-B7A6-E5CE-A9AA05BDBB86_kADCDAD48-5D2D-7555-9B18-23E8AF11C2DD
2017-04-06 14:16:43.755 INFO  com.html.service.HtmlService - _eventId--->submit
2017-04-06 14:16:43.784 INFO  com.html.service.HtmlService - 图片生成成功.
2017-04-06 14:17:01.535 INFO  com.html.service.HtmlService - JSESSIONID--->B31A46C92CA71921EA03942D6955F73F
2017-04-06 14:17:01.790 INFO  com.html.service.HtmlService - action--->login;jsessionid=B31A46C92CA71921EA03942D6955F73F
2017-04-06 14:17:01.798 INFO  com.html.service.HtmlService - lt--->_cBBE47483-878C-6461-9D0C-95DEAFEC1DFE_k5E248A69-04B7-0712-75F5-D76F9E2F9CE8
2017-04-06 14:17:01.799 INFO  com.html.service.HtmlService - _eventId--->submit
2017-04-06 14:17:01.819 INFO  com.html.service.HtmlService - 图片生成成功.
2017-04-06 14:20:12.654 INFO  com.html.service.HtmlService - JSESSIONID--->5A4ED99AFC1A58F06A77BE06C248DEDC
2017-04-06 14:20:12.874 INFO  com.html.service.HtmlService - action--->login;jsessionid=5A4ED99AFC1A58F06A77BE06C248DEDC
2017-04-06 14:20:12.885 INFO  com.html.service.HtmlService - lt--->_cD17918FD-341C-8982-C315-773BE034167B_kC75B18BB-26D1-B06D-96B2-3AC905115612
2017-04-06 14:20:12.893 INFO  com.html.service.HtmlService - _eventId--->submit
2017-04-06 14:20:12.906 INFO  com.html.service.HtmlService - 图片生成成功.
2017-04-06 14:21:14.978 INFO  com.html.service.HtmlService - JSESSIONID--->F10E76B621FF0C6FD9B42F431B241489
2017-04-06 14:21:15.178 INFO  com.html.service.HtmlService - action--->login;jsessionid=F10E76B621FF0C6FD9B42F431B241489
2017-04-06 14:21:15.186 INFO  com.html.service.HtmlService - lt--->_c36D4FB9A-3FD1-009F-0B43-BA36C28B569B_k56E1EACE-C639-8116-F6FA-15CFB66A5CA3
2017-04-06 14:21:15.187 INFO  com.html.service.HtmlService - _eventId--->submit
2017-04-06 14:21:15.224 INFO  com.html.service.HtmlService - 图片生成成功.
2017-04-06 14:21:51.883 INFO  com.html.service.HtmlService - 图片验证的结果：[{result:true}],发送的code:[l57x],JSESSIONID的值:[F10E76B621FF0C6FD9B42F431B241489]
2017-04-06 14:32:13.326 INFO  com.html.service.Tess4jCode - 识别的验证码图片位置：[H:\workspace(3)\Regular\checkCode.jpg]
2017-04-06 14:33:03.701 INFO  com.html.service.Tess4jCode - 识别的验证码图片位置：[H:\workspace(3)\Regular\checkCode.jpg]
2017-04-06 14:35:17.598 INFO  com.html.service.Tess4jCode - 识别的验证码图片位置：[H:\workspace(3)\Regular\checkCode.jpg]
2017-04-06 14:36:05.033 INFO  com.html.service.Tess4jCode - 识别的验证码图片位置：[H:\workspace(3)\Regular\checkCode.jpg]
2017-04-06 14:36:25.030 INFO  com.html.service.Tess4jCode - 识别的验证码图片位置：[H:\workspace(3)\Regular\checkCode.jpg]
2017-04-06 14:37:24.722 INFO  com.html.service.Tess4jCode - 识别的验证码图片位置：[H:\workspace(3)\Regular\checkCode.jpg]
2017-04-06 14:37:26.088 INFO  com.html.service.Tess4jCode - 识别图片的结果：[7
L3X

]
2017-04-06 14:38:50.216 INFO  com.html.service.Tess4jCode - 识别的验证码图片位置：[H:\workspace(3)\Regular\checkCode.jpg]
2017-04-06 14:38:51.692 INFO  com.html.service.Tess4jCode - 识别图片的结果：[7
L3X

]
2017-04-06 14:39:04.464 INFO  com.html.service.Tess4jCode - 识别的验证码图片位置：[H:\workspace(3)\Regular\checkCode.jpg]
2017-04-06 14:39:05.652 INFO  com.html.service.Tess4jCode - 识别图片的结果：[7
L3X

]
2017-04-06 14:40:54.653 INFO  com.html.service.Tess4jCode - 识别的验证码图片位置：[H:\workspace(3)\Regular\checkCode.jpg]
2017-04-06 14:40:56.066 INFO  com.html.service.Tess4jCode - 识别图片的结果：[7
L3X

]
2017-04-06 14:41:19.583 INFO  com.html.service.Tess4jCode - 识别的验证码图片位置：[H:\workspace(3)\Regular\checkCode.jpg]
2017-04-06 14:41:20.830 INFO  com.html.service.Tess4jCode - 识别图片的结果：[7
L3X

]
2017-04-06 14:42:25.173 INFO  com.html.service.Tess4jCode - 识别的验证码图片位置：[H:\workspace(3)\Regular\checkCode.jpg]
2017-04-06 14:42:26.845 INFO  com.html.service.Tess4jCode - 识别图片的结果：[7L3X]
2017-04-06 14:42:44.277 INFO  com.html.service.HtmlService - JSESSIONID--->9E705B22E34F58B8A68CE875FCA47991
2017-04-06 14:42:44.554 INFO  com.html.service.HtmlService - action--->login;jsessionid=9E705B22E34F58B8A68CE875FCA47991
2017-04-06 14:42:44.565 INFO  com.html.service.HtmlService - lt--->_c1B304472-54A0-4087-3957-4325CE8F2EB5_k2013DF1E-CFE3-41AE-C58F-814A41A17640
2017-04-06 14:42:44.566 INFO  com.html.service.HtmlService - _eventId--->submit
2017-04-06 14:42:44.596 INFO  com.html.service.HtmlService - 图片生成成功.
2017-04-06 14:42:55.951 INFO  com.html.service.Tess4jCode - 识别的验证码图片位置：[H:\workspace(3)\Regular\checkCode.jpg]
2017-04-06 14:42:57.375 INFO  com.html.service.Tess4jCode - 识别图片的结果：[ERK2]
2017-04-06 17:29:55.185 INFO  com.html.service.HtmlService - JSESSIONID--->5342728B88748A5728E835D25AE5CCC0
2017-04-06 17:29:55.620 INFO  com.html.service.HtmlService - action--->login;jsessionid=5342728B88748A5728E835D25AE5CCC0
2017-04-06 17:29:55.631 INFO  com.html.service.HtmlService - lt--->_cDE7A99DB-4AF4-4674-A5BC-B58D7BC6EC5A_kD787A329-86FF-081F-7A4A-3EFA5D944EE3
2017-04-06 17:29:55.632 INFO  com.html.service.HtmlService - _eventId--->submit
2017-04-06 17:46:05.311 INFO  com.html.service.HtmlService - JSESSIONID--->C775AD5B3D5F09F6B6E44F1AFFE6C349
2017-04-06 17:46:05.700 INFO  com.html.service.HtmlService - action--->login;jsessionid=C775AD5B3D5F09F6B6E44F1AFFE6C349
2017-04-06 17:46:05.709 INFO  com.html.service.HtmlService - lt--->_cC8970FFE-939C-CB6D-0594-73485E61D930_k6BEAF4E2-CE55-F3BE-1662-363F8515B5B0
2017-04-06 17:46:05.709 INFO  com.html.service.HtmlService - _eventId--->submit
2017-04-06 17:46:05.733 INFO  com.html.service.HtmlService - JSESSIONID:[C775AD5B3D5F09F6B6E44F1AFFE6C349],提交表单后的结果:[http://pmo.ultrapower.com.cn/ucas/login]
2017-04-06 17:58:22.233 INFO  com.html.service.HtmlService - JSESSIONID--->8B943837459E5BA08D42D20BB1C3083F
2017-04-06 17:58:22.611 INFO  com.html.service.HtmlService - action--->login;jsessionid=8B943837459E5BA08D42D20BB1C3083F
2017-04-06 17:58:22.620 INFO  com.html.service.HtmlService - lt--->_cD476E837-9C82-011E-E211-094A14279E04_kD796379F-777E-E978-B95A-110DF11B5221
2017-04-06 17:58:22.621 INFO  com.html.service.HtmlService - _eventId--->submit
2017-04-06 17:58:22.625 INFO  com.html.service.Tess4jCode - 识别的验证码图片位置：[H:\workspace(3)\Regular\checkCode.jpg]
2017-04-06 17:58:24.496 INFO  com.html.service.Tess4jCode - 识别图片的结果：[ERK2]
2017-04-06 17:58:24.718 INFO  com.html.service.HtmlService - 图片验证的结果：[{result:false}],发送的code:[ERK2],JSESSIONID的值:[8B943837459E5BA08D42D20BB1C3083F]
2017-04-06 17:59:43.047 INFO  com.html.service.HtmlService - JSESSIONID--->F5D9CAFECA76C1256ABB1169BDC8D384
2017-04-06 17:59:43.607 INFO  com.html.service.HtmlService - action--->login;jsessionid=F5D9CAFECA76C1256ABB1169BDC8D384
2017-04-06 17:59:43.620 INFO  com.html.service.HtmlService - lt--->_c2097811D-0220-1C75-4F05-0499A0CB4E75_k05CBCF0C-B024-E6AA-987C-340BA1DB83E3
2017-04-06 17:59:43.621 INFO  com.html.service.HtmlService - _eventId--->submit
2017-04-06 17:59:43.625 INFO  com.html.service.Tess4jCode - 识别的验证码图片位置：[H:\workspace(3)\Regular\checkCode.jpg]
2017-04-06 17:59:44.880 INFO  com.html.service.Tess4jCode - 识别图片的结果：[ERK2]
2017-04-06 17:59:45.038 INFO  com.html.service.HtmlService - 图片验证的结果：[{result:false}],发送的code:[ERK2],JSESSIONID的值:[F5D9CAFECA76C1256ABB1169BDC8D384]
2017-04-06 17:59:45.054 INFO  com.html.service.HtmlService - JSESSIONID:[F5D9CAFECA76C1256ABB1169BDC8D384],提交表单后的结果:[http://pmo.ultrapower.com.cn/ucas/login]
2017-04-06 18:01:56.246 INFO  com.html.service.HtmlService - JSESSIONID--->BBC5E32907065A3E18257C67FA13F12E
2017-04-06 18:01:56.649 INFO  com.html.service.HtmlService - action--->login;jsessionid=BBC5E32907065A3E18257C67FA13F12E
2017-04-06 18:01:56.661 INFO  com.html.service.HtmlService - lt--->_c16B24947-2A89-8FFC-CCCB-01A1BFB5CDB0_k7831A87A-49B0-7D88-A777-A3CD6176FD43
2017-04-06 18:01:56.662 INFO  com.html.service.HtmlService - _eventId--->submit
2017-04-06 18:01:56.683 INFO  com.html.service.HtmlService - 图片生成成功.
2017-04-06 18:01:56.689 INFO  com.html.service.Tess4jCode - 识别的验证码图片位置：[H:\workspace(3)\Regular\checkCode.jpg]
2017-04-06 18:01:58.067 INFO  com.html.service.Tess4jCode - 识别图片的结果：[ME63]
2017-04-06 18:01:58.210 INFO  com.html.service.HtmlService - 图片验证的结果：[{result:true}],发送的code:[ME63],JSESSIONID的值:[BBC5E32907065A3E18257C67FA13F12E]
2017-04-06 18:01:58.569 INFO  com.html.service.HtmlService - JSESSIONID:[BBC5E32907065A3E18257C67FA13F12E],提交表单后的结果:[http://pmo.ultrapower.com.cn/ucas/login]
2017-04-06 18:14:54.071 INFO  com.html.service.HtmlService - JSESSIONID--->5D5B07BB2F2CC7D123824356E00B4515
2017-04-06 18:14:54.597 INFO  com.html.service.HtmlService - action--->login;jsessionid=5D5B07BB2F2CC7D123824356E00B4515
2017-04-06 18:14:54.607 INFO  com.html.service.HtmlService - lt--->_c0936CCFE-786B-49F2-D870-07027A4CDBE6_k68F390C5-8348-972E-36F9-639549090355
2017-04-06 18:14:54.608 INFO  com.html.service.HtmlService - _eventId--->submit
2017-04-06 18:14:54.620 INFO  com.html.service.HtmlService - 图片生成成功.
2017-04-06 18:14:54.625 INFO  com.html.service.Tess4jCode - 识别的验证码图片位置：[H:\workspace(3)\Regular\checkCode.jpg]
2017-04-06 18:14:56.419 INFO  com.html.service.Tess4jCode - 识别图片的结果：[VF72]
2017-04-06 18:14:56.603 INFO  com.html.service.HtmlService - 图片验证的结果：[{result:false}],发送的code:[VF72],JSESSIONID的值:[5D5B07BB2F2CC7D123824356E00B4515]
2017-04-06 18:14:56.627 INFO  com.html.service.HtmlService - JSESSIONID:[5D5B07BB2F2CC7D123824356E00B4515],提交表单后的结果:[http://pmo.ultrapower.com.cn/ucas/login]
2017-04-06 18:15:26.896 INFO  com.html.service.HtmlService - JSESSIONID--->8294F18E2673685A9A5AFD0A55B65042
2017-04-06 18:15:27.336 INFO  com.html.service.HtmlService - action--->login;jsessionid=8294F18E2673685A9A5AFD0A55B65042
2017-04-06 18:15:27.372 INFO  com.html.service.HtmlService - lt--->_c27AA3739-D324-FB2E-0DBD-BB96D08A0B42_kB6C55E53-BD2D-A877-E34A-5B8D60F8EBAB
2017-04-06 18:15:27.373 INFO  com.html.service.HtmlService - _eventId--->submit
2017-04-06 18:15:27.402 INFO  com.html.service.HtmlService - 图片生成成功.
2017-04-06 18:15:27.406 INFO  com.html.service.Tess4jCode - 识别的验证码图片位置：[H:\workspace(3)\Regular\checkCode.jpg]
2017-04-06 18:15:28.813 INFO  com.html.service.Tess4jCode - 识别图片的结果：[MTY]
2017-04-06 18:15:28.963 INFO  com.html.service.HtmlService - 图片验证的结果：[{result:false}],发送的code:[MTY],JSESSIONID的值:[8294F18E2673685A9A5AFD0A55B65042]
2017-04-06 18:15:28.979 INFO  com.html.service.HtmlService - JSESSIONID:[8294F18E2673685A9A5AFD0A55B65042],提交表单后的结果:[http://pmo.ultrapower.com.cn/ucas/login]
2017-04-06 18:15:47.385 INFO  com.html.service.HtmlService - JSESSIONID--->B3E4207A305BEC0E75E4A893FED559B4
2017-04-06 18:15:47.873 INFO  com.html.service.HtmlService - action--->login;jsessionid=B3E4207A305BEC0E75E4A893FED559B4
2017-04-06 18:15:47.883 INFO  com.html.service.HtmlService - lt--->_c9DE1253A-5F8D-D075-6CC6-72BC68C4B2D3_k09DC54CC-1901-DDF2-6633-0D5D7193A9E7
2017-04-06 18:15:47.885 INFO  com.html.service.HtmlService - _eventId--->submit
2017-04-06 18:15:47.893 INFO  com.html.service.HtmlService - 图片生成成功.
2017-04-06 18:15:47.901 INFO  com.html.service.Tess4jCode - 识别的验证码图片位置：[H:\workspace(3)\Regular\checkCode.jpg]
2017-04-06 18:15:49.230 INFO  com.html.service.Tess4jCode - 识别图片的结果：[XZHS]
2017-04-06 18:15:49.375 INFO  com.html.service.HtmlService - 图片验证的结果：[{result:false}],发送的code:[XZHS],JSESSIONID的值:[B3E4207A305BEC0E75E4A893FED559B4]
2017-04-06 18:15:49.392 INFO  com.html.service.HtmlService - JSESSIONID:[B3E4207A305BEC0E75E4A893FED559B4],提交表单后的结果:[http://pmo.ultrapower.com.cn/ucas/login]
2017-04-06 18:16:05.071 INFO  com.html.service.HtmlService - JSESSIONID--->109A21D9AD47176C72D29B6528423969
2017-04-06 18:16:05.560 INFO  com.html.service.HtmlService - action--->login;jsessionid=109A21D9AD47176C72D29B6528423969
2017-04-06 18:16:05.574 INFO  com.html.service.HtmlService - lt--->_cC95FBE24-E938-5787-B431-CF9BDF0F2A62_kB11ACB1E-CE17-1784-F226-3F612E6D2CC5
2017-04-06 18:16:05.578 INFO  com.html.service.HtmlService - _eventId--->submit
2017-04-06 18:16:05.591 INFO  com.html.service.HtmlService - 图片生成成功.
2017-04-06 18:16:05.596 INFO  com.html.service.Tess4jCode - 识别的验证码图片位置：[H:\workspace(3)\Regular\checkCode.jpg]
2017-04-06 18:16:06.902 INFO  com.html.service.Tess4jCode - 识别图片的结果：[EULS]
2017-04-06 18:16:07.048 INFO  com.html.service.HtmlService - 图片验证的结果：[{result:true}],发送的code:[EULS],JSESSIONID的值:[109A21D9AD47176C72D29B6528423969]
2017-04-06 18:16:07.093 INFO  com.html.service.HtmlService - JSESSIONID:[109A21D9AD47176C72D29B6528423969],提交表单后的结果:[http://pmo.ultrapower.com.cn/ucas/login]
2017-04-06 18:17:38.901 INFO  com.html.service.HtmlService - JSESSIONID--->B0B6A3CA669A4D44431F541C857A2189
2017-04-06 18:17:39.375 INFO  com.html.service.HtmlService - action--->login;jsessionid=B0B6A3CA669A4D44431F541C857A2189
2017-04-06 18:17:39.386 INFO  com.html.service.HtmlService - lt--->_c22930907-C8EF-A1ED-203B-420D7E45BDBA_kE3EA8ECB-8F5D-6C9B-D1C3-71D5BAB86F26
2017-04-06 18:17:39.387 INFO  com.html.service.HtmlService - _eventId--->submit
2017-04-06 18:17:39.399 INFO  com.html.service.HtmlService - 图片生成成功.
2017-04-06 18:17:39.403 INFO  com.html.service.Tess4jCode - 识别的验证码图片位置：[H:\workspace(3)\Regular\checkCode.jpg]
2017-04-06 18:17:40.753 INFO  com.html.service.Tess4jCode - 识别图片的结果：[6VTD]
2017-04-06 18:17:40.920 INFO  com.html.service.HtmlService - 图片验证的结果：[{result:false}],发送的code:[6VTD],JSESSIONID的值:[B0B6A3CA669A4D44431F541C857A2189]
2017-04-06 18:17:40.937 INFO  com.html.service.HtmlService - JSESSIONID:[B0B6A3CA669A4D44431F541C857A2189],提交表单后的结果:[http://pmo.ultrapower.com.cn/ucas/login],返回的状态码:[200]
2017-04-06 18:18:06.293 INFO  com.html.service.HtmlService - JSESSIONID--->59C952F6A6B1CB1B65FDA14A8281236F
2017-04-06 18:18:06.771 INFO  com.html.service.HtmlService - action--->login;jsessionid=59C952F6A6B1CB1B65FDA14A8281236F
2017-04-06 18:18:06.782 INFO  com.html.service.HtmlService - lt--->_cB75758F9-2D17-FA71-0331-848A592EC86C_k1C24AD6E-7221-BE9B-2D41-4B2B012A6667
2017-04-06 18:18:06.784 INFO  com.html.service.HtmlService - _eventId--->submit
2017-04-06 18:18:06.797 INFO  com.html.service.HtmlService - 图片生成成功.
2017-04-06 18:18:06.801 INFO  com.html.service.Tess4jCode - 识别的验证码图片位置：[H:\workspace(3)\Regular\checkCode.jpg]
2017-04-06 18:18:08.319 INFO  com.html.service.Tess4jCode - 识别图片的结果：[3UJLT]
2017-04-06 18:18:08.504 INFO  com.html.service.HtmlService - 图片验证的结果：[{result:false}],发送的code:[3UJLT],JSESSIONID的值:[59C952F6A6B1CB1B65FDA14A8281236F]
2017-04-06 18:18:08.525 INFO  com.html.service.HtmlService - JSESSIONID:[59C952F6A6B1CB1B65FDA14A8281236F],提交表单后的结果:[http://pmo.ultrapower.com.cn/ucas/login],返回的状态码:[200]
2017-04-06 18:18:16.607 INFO  com.html.service.HtmlService - JSESSIONID--->845D3B3396DDB19E2CD48CFED967956C
2017-04-06 18:18:17.112 INFO  com.html.service.HtmlService - action--->login;jsessionid=845D3B3396DDB19E2CD48CFED967956C
2017-04-06 18:18:17.120 INFO  com.html.service.HtmlService - lt--->_c501B03E6-0C0E-EA31-A2F6-A84617EBC86B_k18CC9D33-78F6-88F7-DE28-50810B3756FF
2017-04-06 18:18:17.121 INFO  com.html.service.HtmlService - _eventId--->submit
2017-04-06 18:18:17.133 INFO  com.html.service.HtmlService - 图片生成成功.
2017-04-06 18:18:17.137 INFO  com.html.service.Tess4jCode - 识别的验证码图片位置：[H:\workspace(3)\Regular\checkCode.jpg]
2017-04-06 18:18:18.416 INFO  com.html.service.Tess4jCode - 识别图片的结果：[VK2M]
2017-04-06 18:18:18.569 INFO  com.html.service.HtmlService - 图片验证的结果：[{result:true}],发送的code:[VK2M],JSESSIONID的值:[845D3B3396DDB19E2CD48CFED967956C]
2017-04-06 18:18:18.611 INFO  com.html.service.HtmlService - JSESSIONID:[845D3B3396DDB19E2CD48CFED967956C],提交表单后的结果:[http://pmo.ultrapower.com.cn/ucas/login],返回的状态码:[200]
2017-04-06 18:19:14.632 INFO  com.html.service.HtmlService - JSESSIONID--->CF9AC5CB7F19AE7991DB405340FDA3CF
2017-04-06 18:19:15.133 INFO  com.html.service.HtmlService - action--->login;jsessionid=CF9AC5CB7F19AE7991DB405340FDA3CF
2017-04-06 18:19:15.145 INFO  com.html.service.HtmlService - lt--->_cE44A23B5-0588-CBB2-4FAC-11DF34D5614C_k22DA0456-1853-3AE7-27D7-996EC3B329D8
2017-04-06 18:19:15.146 INFO  com.html.service.HtmlService - _eventId--->submit
2017-04-06 18:19:15.161 INFO  com.html.service.HtmlService - 图片生成成功.
2017-04-06 18:19:15.166 INFO  com.html.service.Tess4jCode - 识别的验证码图片位置：[H:\workspace(3)\Regular\checkCode.jpg]
2017-04-06 18:19:16.621 INFO  com.html.service.Tess4jCode - 识别图片的结果：[WSFA]
2017-04-06 18:19:16.768 INFO  com.html.service.HtmlService - 图片验证的结果：[{result:false}],发送的code:[WSFA],JSESSIONID的值:[CF9AC5CB7F19AE7991DB405340FDA3CF]
2017-04-06 18:19:23.311 INFO  com.html.service.HtmlService - JSESSIONID--->B1AC54C60EC4CBF71554B13244E36587
2017-04-06 18:19:23.703 INFO  com.html.service.HtmlService - action--->login;jsessionid=B1AC54C60EC4CBF71554B13244E36587
2017-04-06 18:19:23.715 INFO  com.html.service.HtmlService - lt--->_c87249AC6-AC35-8E62-22B0-A4733C10C8C6_k4277FFCE-3ECE-D96D-C4A0-00DE3625E6AD
2017-04-06 18:19:23.716 INFO  com.html.service.HtmlService - _eventId--->submit
2017-04-06 18:19:23.737 INFO  com.html.service.HtmlService - 图片生成成功.
2017-04-06 18:19:23.742 INFO  com.html.service.Tess4jCode - 识别的验证码图片位置：[H:\workspace(3)\Regular\checkCode.jpg]
2017-04-06 18:19:25.179 INFO  com.html.service.Tess4jCode - 识别图片的结果：[SRDB]
2017-04-06 18:19:25.364 INFO  com.html.service.HtmlService - 图片验证的结果：[{result:false}],发送的code:[SRDB],JSESSIONID的值:[B1AC54C60EC4CBF71554B13244E36587]
2017-04-06 18:19:37.981 INFO  com.html.service.HtmlService - JSESSIONID--->1B2913CD87E65C5F9DD7BA26EEB5E991
2017-04-06 18:19:38.501 INFO  com.html.service.HtmlService - action--->login;jsessionid=1B2913CD87E65C5F9DD7BA26EEB5E991
2017-04-06 18:19:38.510 INFO  com.html.service.HtmlService - lt--->_c550267BC-964A-6231-1305-BF87C3D3FDDD_k0E870C6A-5436-E500-BCE7-54AB7DC5220B
2017-04-06 18:19:38.513 INFO  com.html.service.HtmlService - _eventId--->submit
2017-04-06 18:19:38.525 INFO  com.html.service.HtmlService - 图片生成成功.
2017-04-06 18:19:38.530 INFO  com.html.service.Tess4jCode - 识别的验证码图片位置：[H:\workspace(3)\Regular\checkCode.jpg]
2017-04-06 18:19:39.862 INFO  com.html.service.Tess4jCode - 识别图片的结果：[ZMJY]
2017-04-06 18:19:40.029 INFO  com.html.service.HtmlService - 图片验证的结果：[{result:false}],发送的code:[ZMJY],JSESSIONID的值:[1B2913CD87E65C5F9DD7BA26EEB5E991]
2017-04-06 18:20:21.706 INFO  com.html.service.HtmlService - JSESSIONID--->994FF26D8F22412E6A06BDA4EA0E45B1
2017-04-06 18:20:22.020 INFO  com.html.service.HtmlService - action--->login;jsessionid=994FF26D8F22412E6A06BDA4EA0E45B1
2017-04-06 18:20:22.030 INFO  com.html.service.HtmlService - lt--->_c6B3B4942-A2FB-F20B-471C-DB9993A1F0FF_k57B2DBB2-F74C-7064-C6B8-4EE6FCE40314
2017-04-06 18:20:22.031 INFO  com.html.service.HtmlService - _eventId--->submit
2017-04-06 18:20:22.044 INFO  com.html.service.HtmlService - 图片生成成功.
2017-04-06 18:20:22.048 INFO  com.html.service.Tess4jCode - 识别的验证码图片位置：[H:\workspace(3)\Regular\checkCode.jpg]
2017-04-06 18:20:23.708 INFO  com.html.service.Tess4jCode - 识别图片的结果：[Z2FZ]
2017-04-06 18:20:23.868 INFO  com.html.service.HtmlService - 图片验证的结果：[{result:false}],发送的code:[Z2FZ],JSESSIONID的值:[994FF26D8F22412E6A06BDA4EA0E45B1]
2017-04-06 18:20:29.609 INFO  com.html.service.HtmlService - JSESSIONID--->C8E5E9FE921DEB87A0D745B8C264EAEE
2017-04-06 18:20:30.104 INFO  com.html.service.HtmlService - action--->login;jsessionid=C8E5E9FE921DEB87A0D745B8C264EAEE
2017-04-06 18:20:30.119 INFO  com.html.service.HtmlService - lt--->_c59ACEC64-BF55-D169-A92D-973AC1935332_kB5ED607C-7FE8-9F2E-6D44-331EFEED504C
2017-04-06 18:20:30.122 INFO  com.html.service.HtmlService - _eventId--->submit
2017-04-06 18:20:30.133 INFO  com.html.service.HtmlService - 图片生成成功.
2017-04-06 18:20:30.140 INFO  com.html.service.Tess4jCode - 识别的验证码图片位置：[H:\workspace(3)\Regular\checkCode.jpg]
2017-04-06 18:20:31.686 INFO  com.html.service.Tess4jCode - 识别图片的结果：[0453]
2017-04-06 18:20:31.833 INFO  com.html.service.HtmlService - 图片验证的结果：[{result:false}],发送的code:[0453],JSESSIONID的值:[C8E5E9FE921DEB87A0D745B8C264EAEE]
2017-04-06 18:20:39.533 INFO  com.html.service.HtmlService - JSESSIONID--->B3C0C0720CD9742C5FE9019FEAE064D4
2017-04-06 18:20:39.942 INFO  com.html.service.HtmlService - action--->login;jsessionid=B3C0C0720CD9742C5FE9019FEAE064D4
2017-04-06 18:20:39.951 INFO  com.html.service.HtmlService - lt--->_cDE368313-7054-7126-969E-4D7596517920_kC58A124D-7611-8277-58C0-669637AE7DAC
2017-04-06 18:20:39.952 INFO  com.html.service.HtmlService - _eventId--->submit
2017-04-06 18:20:39.963 INFO  com.html.service.HtmlService - 图片生成成功.
2017-04-06 18:20:39.966 INFO  com.html.service.Tess4jCode - 识别的验证码图片位置：[H:\workspace(3)\Regular\checkCode.jpg]
2017-04-06 18:20:41.356 INFO  com.html.service.Tess4jCode - 识别图片的结果：[MF52]
2017-04-06 18:20:41.531 INFO  com.html.service.HtmlService - 图片验证的结果：[{result:false}],发送的code:[MF52],JSESSIONID的值:[B3C0C0720CD9742C5FE9019FEAE064D4]
2017-04-06 18:20:48.239 INFO  com.html.service.HtmlService - JSESSIONID--->E0EBFD10AE5372E7D3E5386E035D0DCD
2017-04-06 18:20:48.782 INFO  com.html.service.HtmlService - action--->login;jsessionid=E0EBFD10AE5372E7D3E5386E035D0DCD
2017-04-06 18:20:48.794 INFO  com.html.service.HtmlService - lt--->_c0C62735C-D93F-2ADA-FBA8-DEC1FA50809D_k216A2D0C-AB0E-FB3A-A21C-44F1ACC472E7
2017-04-06 18:20:48.795 INFO  com.html.service.HtmlService - _eventId--->submit
2017-04-06 18:20:48.808 INFO  com.html.service.HtmlService - 图片生成成功.
2017-04-06 18:20:48.812 INFO  com.html.service.Tess4jCode - 识别的验证码图片位置：[H:\workspace(3)\Regular\checkCode.jpg]
2017-04-06 18:20:50.502 INFO  com.html.service.Tess4jCode - 识别图片的结果：[6JFS]
2017-04-06 18:20:50.694 INFO  com.html.service.HtmlService - 图片验证的结果：[{result:false}],发送的code:[6JFS],JSESSIONID的值:[E0EBFD10AE5372E7D3E5386E035D0DCD]
2017-04-06 18:20:57.370 INFO  com.html.service.HtmlService - JSESSIONID--->E4025DE3571135BDCD16CD66E7E7968B
2017-04-06 18:20:57.922 INFO  com.html.service.HtmlService - action--->login;jsessionid=E4025DE3571135BDCD16CD66E7E7968B
2017-04-06 18:20:57.943 INFO  com.html.service.HtmlService - lt--->_cF27229F5-8E82-2663-1FAE-93298918BB3B_k841722C0-DDD5-128A-6A72-6F2EC5DD0E6E
2017-04-06 18:20:57.945 INFO  com.html.service.HtmlService - _eventId--->submit
2017-04-06 18:20:57.963 INFO  com.html.service.HtmlService - 图片生成成功.
2017-04-06 18:20:57.969 INFO  com.html.service.Tess4jCode - 识别的验证码图片位置：[H:\workspace(3)\Regular\checkCode.jpg]
2017-04-06 18:20:59.899 INFO  com.html.service.Tess4jCode - 识别图片的结果：[VHS7]
2017-04-06 18:21:00.069 INFO  com.html.service.HtmlService - 图片验证的结果：[{result:false}],发送的code:[VHS7],JSESSIONID的值:[E4025DE3571135BDCD16CD66E7E7968B]
2017-04-06 18:22:17.996 INFO  com.html.service.HtmlService - JSESSIONID--->38BBD6A03E0EDA84F58D39BB4E690220
2017-04-06 18:22:18.416 INFO  com.html.service.HtmlService - action--->login;jsessionid=38BBD6A03E0EDA84F58D39BB4E690220
2017-04-06 18:22:18.431 INFO  com.html.service.HtmlService - lt--->_c1DC49473-8130-349B-E7FB-E4C72697E038_k14A5C6EE-BC77-8B65-B0DB-C38ACFC7B55A
2017-04-06 18:22:18.433 INFO  com.html.service.HtmlService - _eventId--->submit
2017-04-06 18:22:18.450 INFO  com.html.service.HtmlService - 图片生成成功.
2017-04-06 18:22:18.455 INFO  com.html.service.Tess4jCode - 识别的验证码图片位置：[H:\workspace(3)\Regular\checkCode.jpg]
2017-04-06 18:22:20.039 INFO  com.html.service.Tess4jCode - 识别图片的结果：[E3BG]
2017-04-06 18:22:20.186 INFO  com.html.service.HtmlService - 图片验证的结果：[{result:false}],发送的code:[E3BG],JSESSIONID的值:[38BBD6A03E0EDA84F58D39BB4E690220]
2017-04-06 18:22:32.880 INFO  com.html.service.HtmlService - JSESSIONID--->FFCDCC8F132AB28EAD30AED02761F214
2017-04-06 18:22:33.269 INFO  com.html.service.HtmlService - action--->login;jsessionid=FFCDCC8F132AB28EAD30AED02761F214
2017-04-06 18:22:33.285 INFO  com.html.service.HtmlService - lt--->_c3AA026F8-DF9E-1251-3E41-B3B187092D94_kF714B31E-6F5B-8A0C-C8B6-52AD35A6CF69
2017-04-06 18:22:33.286 INFO  com.html.service.HtmlService - _eventId--->submit
2017-04-06 18:22:33.296 INFO  com.html.service.HtmlService - 图片生成成功.
2017-04-06 18:22:33.301 INFO  com.html.service.Tess4jCode - 识别的验证码图片位置：[H:\workspace(3)\Regular\checkCode.jpg]
2017-04-06 18:22:34.869 INFO  com.html.service.Tess4jCode - 识别图片的结果：[X3AC]
2017-04-06 18:22:35.030 INFO  com.html.service.HtmlService - 图片验证的结果：[{result:true}],发送的code:[X3AC],JSESSIONID的值:[FFCDCC8F132AB28EAD30AED02761F214]
2017-04-06 18:22:35.074 INFO  com.html.service.HtmlService - JSESSIONID:[FFCDCC8F132AB28EAD30AED02761F214],提交表单后的结果:[http://pmo.ultrapower.com.cn/ucas/login],返回的状态码:[200]
2017-04-06 18:31:40.375 INFO  com.html.service.HtmlService - JSESSIONID--->CCBD3686B40308C1E2F275CF12D0229D
2017-04-06 18:31:40.793 INFO  com.html.service.HtmlService - action--->login;jsessionid=CCBD3686B40308C1E2F275CF12D0229D
2017-04-06 18:31:40.802 INFO  com.html.service.HtmlService - lt--->_c37929416-778A-ECC0-BE25-0830B1A193DD_kBB858BC9-A90A-D1AE-086F-6224C233F826
2017-04-06 18:31:40.803 INFO  com.html.service.HtmlService - _eventId--->submit
2017-04-06 18:31:40.827 INFO  com.html.service.HtmlService - 图片生成成功.
2017-04-06 18:31:40.832 INFO  com.html.service.Tess4jCode - 识别的验证码图片位置：[H:\workspace(3)\Regular\checkCode.jpg]
2017-04-06 18:31:42.628 INFO  com.html.service.Tess4jCode - 识别图片的结果：[KAFS]
2017-04-06 18:31:42.776 INFO  com.html.service.HtmlService - 图片验证的结果：[{result:false}],发送的code:[KAFS],JSESSIONID的值:[CCBD3686B40308C1E2F275CF12D0229D]
2017-04-06 18:31:49.786 INFO  com.html.service.HtmlService - JSESSIONID--->D12E6FA65A4651D99EB0FE74B1538147
2017-04-06 18:31:50.331 INFO  com.html.service.HtmlService - action--->login;jsessionid=D12E6FA65A4651D99EB0FE74B1538147
2017-04-06 18:31:50.341 INFO  com.html.service.HtmlService - lt--->_c03198E0F-5495-DDF3-FFF7-A274C85D148B_k727A3E31-EFF6-D7BB-001B-A7AE0D607528
2017-04-06 18:31:50.342 INFO  com.html.service.HtmlService - _eventId--->submit
2017-04-06 18:31:50.360 INFO  com.html.service.HtmlService - 图片生成成功.
2017-04-06 18:31:50.365 INFO  com.html.service.Tess4jCode - 识别的验证码图片位置：[H:\workspace(3)\Regular\checkCode.jpg]
2017-04-06 18:31:51.774 INFO  com.html.service.Tess4jCode - 识别图片的结果：[SFM4]
2017-04-06 18:31:51.916 INFO  com.html.service.HtmlService - 图片验证的结果：[{result:true}],发送的code:[SFM4],JSESSIONID的值:[D12E6FA65A4651D99EB0FE74B1538147]
2017-04-06 18:31:51.972 INFO  com.html.service.HtmlService - JSESSIONID:[D12E6FA65A4651D99EB0FE74B1538147],提交表单后的结果:[http://pmo.ultrapower.com.cn/ucas/login;JSESSIONID=D12E6FA65A4651D99EB0FE74B1538147;jsessionid=D63E3AE930661B60FE6BC4E188F847FD?t=http%3A%2F%2Feoms.ultrapower.com.cn%2Fultrapmo%2Fportal%2Findex_new.action],返回的状态码:[200]
