2017-04-07 08:18:28.795 DEBUG com.html.service.HtmlService - ---------------------------------COOKIES-START-----------------------------
2017-04-07 08:18:28.801 DEBUG com.html.service.HtmlService - JSESSIONID--->D7CB8492C708CD3B8EA043D548F24D90
2017-04-07 08:18:28.802 DEBUG com.html.service.HtmlService - ---------------------------------COOKIES-END-----------------------------
2017-04-07 08:18:45.650 DEBUG com.html.service.HtmlService - ---------------------------------COOKIES-START-----------------------------
2017-04-07 08:18:45.706 DEBUG com.html.service.HtmlService - JSESSIONID--->61453EAECE9A77157D0E0F67A2F682B6
2017-04-07 08:18:45.707 DEBUG com.html.service.HtmlService - ---------------------------------COOKIES-END-----------------------------
2017-04-07 08:19:00.138 DEBUG com.html.service.HtmlService - ---------------------------------COOKIES-START-----------------------------
2017-04-07 08:19:00.144 DEBUG com.html.service.HtmlService - JSESSIONID--->E3C5C6934B8F936D2DCE549FF14D3B9A
2017-04-07 08:19:00.144 DEBUG com.html.service.HtmlService - ---------------------------------COOKIES-END-----------------------------
2017-04-07 08:19:09.438 DEBUG com.html.service.HtmlService - ---------------------------------COOKIES-START-----------------------------
2017-04-07 08:19:09.445 DEBUG com.html.service.HtmlService - JSESSIONID--->4025E97B5E5AB5CCBAA68215D83606F3
2017-04-07 08:19:09.445 DEBUG com.html.service.HtmlService - ---------------------------------COOKIES-END-----------------------------
2017-04-07 08:19:18.647 DEBUG com.html.service.HtmlService - ---------------------------------COOKIES-START-----------------------------
2017-04-07 08:19:18.653 DEBUG com.html.service.HtmlService - JSESSIONID--->1152608179AB544DDA758C2A0B7F474E
2017-04-07 08:19:18.653 DEBUG com.html.service.HtmlService - ---------------------------------COOKIES-END-----------------------------
2017-04-07 08:19:33.073 DEBUG com.html.service.HtmlService - ---------------------------------COOKIES-START-----------------------------
2017-04-07 08:19:33.081 DEBUG com.html.service.HtmlService - JSESSIONID--->7C50A2DDD0CDCE820344CB31AB43D1A3
2017-04-07 08:19:33.081 DEBUG com.html.service.HtmlService - ---------------------------------COOKIES-END-----------------------------
2017-04-07 08:19:47.710 DEBUG com.html.service.HtmlService - ---------------------------------COOKIES-START-----------------------------
2017-04-07 08:19:47.717 DEBUG com.html.service.HtmlService - JSESSIONID--->2247DE90775DF95F620B6BACF0703A93
2017-04-07 08:19:47.717 DEBUG com.html.service.HtmlService - ---------------------------------COOKIES-END-----------------------------
2017-04-07 08:19:56.466 DEBUG com.html.service.HtmlService - ---------------------------------COOKIES-START-----------------------------
2017-04-07 08:19:56.472 DEBUG com.html.service.HtmlService - JSESSIONID--->ACC70FBC71AA7A7F961615585E9B209B
2017-04-07 08:19:56.472 DEBUG com.html.service.HtmlService - ---------------------------------COOKIES-END-----------------------------
2017-04-07 08:20:09.266 DEBUG com.html.service.HtmlService - ---------------------------------COOKIES-START-----------------------------
2017-04-07 08:20:09.272 DEBUG com.html.service.HtmlService - JSESSIONID--->324EDBEDE2A604A8E2663A0DEEAB1D91
2017-04-07 08:20:09.273 DEBUG com.html.service.HtmlService - ---------------------------------COOKIES-END-----------------------------
2017-04-07 08:20:24.097 DEBUG com.html.service.HtmlService - ---------------------------------COOKIES-START-----------------------------
2017-04-07 08:20:24.103 DEBUG com.html.service.HtmlService - JSESSIONID--->DAAE60B9BD0F15EAEC601873250D864E
2017-04-07 08:20:24.103 DEBUG com.html.service.HtmlService - ---------------------------------COOKIES-END-----------------------------
2017-04-07 08:20:39.333 DEBUG com.html.service.HtmlService - ---------------------------------COOKIES-START-----------------------------
2017-04-07 08:20:39.341 DEBUG com.html.service.HtmlService - JSESSIONID--->EF0173FD47F6C7833BA12C3570FDD949
2017-04-07 08:20:39.341 DEBUG com.html.service.HtmlService - ---------------------------------COOKIES-END-----------------------------
2017-04-07 08:20:48.147 DEBUG com.html.service.HtmlService - ---------------------------------COOKIES-START-----------------------------
2017-04-07 08:20:48.162 DEBUG com.html.service.HtmlService - JSESSIONID--->C3B603DB60F26AEE9842E50F71F86A61
2017-04-07 08:20:48.163 DEBUG com.html.service.HtmlService - ---------------------------------COOKIES-END-----------------------------
2017-04-07 08:21:32.204 DEBUG com.html.service.HtmlService - ---------------------------------COOKIES-START-----------------------------
2017-04-07 08:21:32.211 DEBUG com.html.service.HtmlService - JSESSIONID--->6496C57876103923D8133C91ED85E687
2017-04-07 08:21:32.212 DEBUG com.html.service.HtmlService - ---------------------------------COOKIES-END-----------------------------
2017-04-07 08:21:39.887 DEBUG com.html.service.HtmlService - ---------------------------------COOKIES-START-----------------------------
2017-04-07 08:21:39.894 DEBUG com.html.service.HtmlService - JSESSIONID--->D0B240A13BFC915FFE2F5AC0B2E60957
2017-04-07 08:21:39.894 DEBUG com.html.service.HtmlService - ---------------------------------COOKIES-END-----------------------------
2017-04-07 08:25:19.009 DEBUG com.html.service.HtmlService - ---------------------------------COOKIES-START-----------------------------
2017-04-07 08:25:19.015 DEBUG com.html.service.HtmlService - JSESSIONID--->44BD5DB696882DF9FED7F9F75036045F
2017-04-07 08:25:19.016 DEBUG com.html.service.HtmlService - ---------------------------------COOKIES-END-----------------------------
2017-04-07 09:01:44.563 DEBUG com.html.service.HtmlService - ---------------------------------COOKIES-START-----------------------------
2017-04-07 09:01:44.570 DEBUG com.html.service.HtmlService - JSESSIONID--->2DF9A3B9CC4FB69DE4127B3547109775
2017-04-07 09:01:44.570 DEBUG com.html.service.HtmlService - ---------------------------------COOKIES-END-----------------------------
2017-04-07 09:01:52.132 DEBUG com.html.service.HtmlService - ---------------------------------COOKIES-START-----------------------------
2017-04-07 09:01:52.140 DEBUG com.html.service.HtmlService - JSESSIONID--->CCD2475F77DC2A5BCCAB60F862B52C45
2017-04-07 09:01:52.140 DEBUG com.html.service.HtmlService - ---------------------------------COOKIES-END-----------------------------
2017-04-07 09:02:02.927 DEBUG com.html.service.HtmlService - ---------------------------------COOKIES-START-----------------------------
2017-04-07 09:02:02.934 DEBUG com.html.service.HtmlService - JSESSIONID--->241ACF2D205A18CE7059C867DDE22BB3
2017-04-07 09:02:02.935 DEBUG com.html.service.HtmlService - ---------------------------------COOKIES-END-----------------------------
2017-04-07 09:02:09.898 DEBUG com.html.service.HtmlService - ---------------------------------COOKIES-START-----------------------------
2017-04-07 09:02:09.905 DEBUG com.html.service.HtmlService - JSESSIONID--->23B55C15123B2E560B495651CEF88CE4
2017-04-07 09:02:09.905 DEBUG com.html.service.HtmlService - ---------------------------------COOKIES-END-----------------------------
2017-04-07 09:02:21.265 DEBUG com.html.service.HtmlService - ---------------------------------COOKIES-START-----------------------------
2017-04-07 09:02:21.272 DEBUG com.html.service.HtmlService - JSESSIONID--->9758485D3E3C12B387B4EF6710CB9885
2017-04-07 09:02:21.272 DEBUG com.html.service.HtmlService - ---------------------------------COOKIES-END-----------------------------
2017-04-07 09:02:29.255 DEBUG com.html.service.HtmlService - ---------------------------------COOKIES-START-----------------------------
2017-04-07 09:02:29.264 DEBUG com.html.service.HtmlService - JSESSIONID--->F7EF3C3E8749A74AA69E9497BA51DA6B
2017-04-07 09:02:29.265 DEBUG com.html.service.HtmlService - ---------------------------------COOKIES-END-----------------------------
2017-04-07 09:02:36.294 DEBUG com.html.service.HtmlService - ---------------------------------COOKIES-START-----------------------------
2017-04-07 09:02:36.300 DEBUG com.html.service.HtmlService - JSESSIONID--->AB3209C8B923DB7F361D855E8748251A
2017-04-07 09:02:36.301 DEBUG com.html.service.HtmlService - ---------------------------------COOKIES-END-----------------------------
2017-04-07 09:02:45.591 DEBUG com.html.service.HtmlService - ---------------------------------COOKIES-START-----------------------------
2017-04-07 09:02:45.598 DEBUG com.html.service.HtmlService - JSESSIONID--->3DFD14363F2356775EEED8ACB855AD29
2017-04-07 09:02:45.598 DEBUG com.html.service.HtmlService - ---------------------------------COOKIES-END-----------------------------
2017-04-07 09:02:53.855 DEBUG com.html.service.HtmlService - ---------------------------------COOKIES-START-----------------------------
2017-04-07 09:02:53.865 DEBUG com.html.service.HtmlService - JSESSIONID--->3F5B8D06A18F990F7E61B348A30602E5
2017-04-07 09:02:53.865 DEBUG com.html.service.HtmlService - ---------------------------------COOKIES-END-----------------------------
2017-04-07 09:03:04.230 DEBUG com.html.service.HtmlService - ---------------------------------COOKIES-START-----------------------------
2017-04-07 09:03:04.258 DEBUG com.html.service.HtmlService - JSESSIONID--->BC8BA6F8FC9901B80ADC80D30A932E12
2017-04-07 09:03:04.258 DEBUG com.html.service.HtmlService - ---------------------------------COOKIES-END-----------------------------
2017-04-07 09:03:11.660 DEBUG com.html.service.HtmlService - ---------------------------------COOKIES-START-----------------------------
2017-04-07 09:03:11.667 DEBUG com.html.service.HtmlService - JSESSIONID--->798A33D16CC7E1246231988C838424F1
2017-04-07 09:03:11.668 DEBUG com.html.service.HtmlService - ---------------------------------COOKIES-END-----------------------------
2017-04-07 09:03:20.806 DEBUG com.html.service.HtmlService - ---------------------------------COOKIES-START-----------------------------
2017-04-07 09:03:20.812 DEBUG com.html.service.HtmlService - JSESSIONID--->7F6A43CB78440B52DD3B3CBE913772BA
2017-04-07 09:03:20.813 DEBUG com.html.service.HtmlService - ---------------------------------COOKIES-END-----------------------------
2017-04-07 09:03:27.996 DEBUG com.html.service.HtmlService - ---------------------------------COOKIES-START-----------------------------
2017-04-07 09:03:28.012 DEBUG com.html.service.HtmlService - JSESSIONID--->9DED7CF2E1A6F59CEF91BB3422DF3916
2017-04-07 09:03:28.013 DEBUG com.html.service.HtmlService - ---------------------------------COOKIES-END-----------------------------
2017-04-07 09:03:35.397 DEBUG com.html.service.HtmlService - ---------------------------------COOKIES-START-----------------------------
2017-04-07 09:03:35.403 DEBUG com.html.service.HtmlService - JSESSIONID--->EA889974507025334C78F1DFC5B2DBEF
2017-04-07 09:03:35.403 DEBUG com.html.service.HtmlService - ---------------------------------COOKIES-END-----------------------------
2017-04-07 09:03:47.800 DEBUG com.html.service.HtmlService - ---------------------------------COOKIES-START-----------------------------
2017-04-07 09:03:47.808 DEBUG com.html.service.HtmlService - JSESSIONID--->0D0FF782BB6FE22CD79AE206729108B1
2017-04-07 09:03:47.808 DEBUG com.html.service.HtmlService - ---------------------------------COOKIES-END-----------------------------
2017-04-07 09:03:59.461 DEBUG com.html.service.HtmlService - ---------------------------------COOKIES-START-----------------------------
2017-04-07 09:03:59.468 DEBUG com.html.service.HtmlService - JSESSIONID--->843F0FBB6367A58797311764A65EF191
2017-04-07 09:03:59.469 DEBUG com.html.service.HtmlService - ---------------------------------COOKIES-END-----------------------------
2017-04-07 09:04:07.957 DEBUG com.html.service.HtmlService - ---------------------------------COOKIES-START-----------------------------
2017-04-07 09:04:07.963 DEBUG com.html.service.HtmlService - JSESSIONID--->3A9AA7856C3D6208CE89F9598200B9D9
2017-04-07 09:04:07.964 DEBUG com.html.service.HtmlService - ---------------------------------COOKIES-END-----------------------------
2017-04-07 09:05:06.077 DEBUG com.html.service.HtmlService - ---------------------------------COOKIES-START-----------------------------
2017-04-07 09:05:06.084 DEBUG com.html.service.HtmlService - JSESSIONID--->F3005882A72A7ADF2C7BF7E0A1D3D6B7
2017-04-07 09:05:06.084 DEBUG com.html.service.HtmlService - ---------------------------------COOKIES-END-----------------------------
2017-04-07 09:10:44.585 DEBUG com.html.service.HtmlService - ---------------------------------COOKIES-START-----------------------------
2017-04-07 09:10:44.594 DEBUG com.html.service.HtmlService - JSESSIONID--->B0F0D074A1D8B5E98F3EFF52B6D0DBA4
2017-04-07 09:10:44.594 DEBUG com.html.service.HtmlService - ---------------------------------COOKIES-END-----------------------------
2017-04-07 09:17:20.779 DEBUG com.html.service.HtmlService - ---------------------------------COOKIES-START-----------------------------
2017-04-07 09:17:20.785 DEBUG com.html.service.HtmlService - JSESSIONID--->46AB76DFA654736074494F550D3DD1D0
2017-04-07 09:17:20.785 DEBUG com.html.service.HtmlService - ---------------------------------COOKIES-END-----------------------------
2017-04-07 09:17:27.879 DEBUG com.html.service.HtmlService - ---------------------------------COOKIES-START-----------------------------
2017-04-07 09:17:27.885 DEBUG com.html.service.HtmlService - JSESSIONID--->BA6A77C83A4B8A39A45C30215D46D299
2017-04-07 09:17:27.886 DEBUG com.html.service.HtmlService - ---------------------------------COOKIES-END-----------------------------
2017-04-07 13:57:05.245 DEBUG com.html.service.HtmlService - ---------------------------------COOKIES-START-----------------------------
2017-04-07 13:57:05.252 DEBUG com.html.service.HtmlService - JSESSIONID--->A2E17CCE51DF0C586F2669D914C4D2FE
2017-04-07 13:57:05.252 DEBUG com.html.service.HtmlService - ---------------------------------COOKIES-END-----------------------------
2017-04-07 14:02:36.521 DEBUG com.html.service.HtmlService - ---------------------------------COOKIES-START-----------------------------
2017-04-07 14:02:36.527 DEBUG com.html.service.HtmlService - JSESSIONID--->08CDB494AFECCC9518F28F15F65C12D2
2017-04-07 14:02:36.528 DEBUG com.html.service.HtmlService - ---------------------------------COOKIES-END-----------------------------
2017-04-07 14:02:44.999 DEBUG com.html.service.HtmlService - ---------------------------------COOKIES-START-----------------------------
2017-04-07 14:02:45.007 DEBUG com.html.service.HtmlService - JSESSIONID--->09A45ACC62617F25503994B63DD37ACE
2017-04-07 14:02:45.007 DEBUG com.html.service.HtmlService - ---------------------------------COOKIES-END-----------------------------
2017-04-07 14:05:23.421 DEBUG com.html.service.HtmlService - ---------------------------------COOKIES-START-----------------------------
2017-04-07 14:05:23.428 DEBUG com.html.service.HtmlService - JSESSIONID--->96AB2476E401373577F56CE491C8E10A
2017-04-07 14:05:23.428 DEBUG com.html.service.HtmlService - ---------------------------------COOKIES-END-----------------------------
2017-04-07 14:05:31.621 DEBUG com.html.service.HtmlService - ---------------------------------COOKIES-START-----------------------------
2017-04-07 14:05:31.628 DEBUG com.html.service.HtmlService - JSESSIONID--->5BF17E0342876DFDD4E1548BC92EA976
2017-04-07 14:05:31.629 DEBUG com.html.service.HtmlService - ---------------------------------COOKIES-END-----------------------------
2017-04-07 14:05:39.154 DEBUG com.html.service.HtmlService - ---------------------------------COOKIES-START-----------------------------
2017-04-07 14:05:39.161 DEBUG com.html.service.HtmlService - JSESSIONID--->411BAA3E29A615BFB41CAB0C01ECA9AF
2017-04-07 14:05:39.161 DEBUG com.html.service.HtmlService - ---------------------------------COOKIES-END-----------------------------
2017-04-07 14:05:47.110 DEBUG com.html.service.HtmlService - ---------------------------------COOKIES-START-----------------------------
2017-04-07 14:05:47.116 DEBUG com.html.service.HtmlService - JSESSIONID--->0078D4D10D902922BBD7A080F2113808
2017-04-07 14:05:47.117 DEBUG com.html.service.HtmlService - ---------------------------------COOKIES-END-----------------------------
2017-04-07 14:45:33.666 DEBUG com.html.service.HtmlService - ---------------------------------COOKIES-START-----------------------------
2017-04-07 14:45:33.673 DEBUG com.html.service.HtmlService - JSESSIONID--->59004664B7EA7E5E475AA45F5C2C4316
2017-04-07 14:45:33.673 DEBUG com.html.service.HtmlService - ---------------------------------COOKIES-END-----------------------------
2017-04-07 14:46:03.303 DEBUG com.html.service.HtmlService - ---------------------------------COOKIES-START-----------------------------
2017-04-07 14:46:03.309 DEBUG com.html.service.HtmlService - JSESSIONID--->367730504ABB8741C0F586BC7CD66247
2017-04-07 14:46:03.322 DEBUG com.html.service.HtmlService - ---------------------------------COOKIES-END-----------------------------
2017-04-07 14:46:09.935 DEBUG com.html.service.HtmlService - ---------------------------------COOKIES-START-----------------------------
2017-04-07 14:46:09.942 DEBUG com.html.service.HtmlService - JSESSIONID--->3F311111D12C9054FA1D82430D7CBA3A
2017-04-07 14:46:09.942 DEBUG com.html.service.HtmlService - ---------------------------------COOKIES-END-----------------------------
2017-04-07 14:46:59.924 DEBUG com.html.service.HtmlService - ---------------------------------COOKIES-START-----------------------------
2017-04-07 14:46:59.930 DEBUG com.html.service.HtmlService - JSESSIONID--->B6C8E12A8C11DE37F3A78B56D27BD6AE
2017-04-07 14:46:59.931 DEBUG com.html.service.HtmlService - ---------------------------------COOKIES-END-----------------------------
2017-04-07 14:47:07.284 DEBUG com.html.service.HtmlService - ---------------------------------COOKIES-START-----------------------------
2017-04-07 14:47:07.290 DEBUG com.html.service.HtmlService - JSESSIONID--->4E174E1868CFF2F4D005D504AEBC47FD
2017-04-07 14:47:07.290 DEBUG com.html.service.HtmlService - ---------------------------------COOKIES-END-----------------------------
2017-04-07 14:47:15.775 DEBUG com.html.service.HtmlService - ---------------------------------COOKIES-START-----------------------------
2017-04-07 14:47:15.781 DEBUG com.html.service.HtmlService - JSESSIONID--->3F9FAD99E1C502F617DE073BCFDEC01F
2017-04-07 14:47:15.781 DEBUG com.html.service.HtmlService - ---------------------------------COOKIES-END-----------------------------
2017-04-07 14:47:28.892 DEBUG com.html.service.HtmlService - ---------------------------------COOKIES-START-----------------------------
2017-04-07 14:47:28.898 DEBUG com.html.service.HtmlService - JSESSIONID--->E5104603B040ACB4CA2BCEDAA74C0AF3
2017-04-07 14:47:28.898 DEBUG com.html.service.HtmlService - ---------------------------------COOKIES-END-----------------------------
2017-04-07 14:51:39.629 DEBUG com.html.service.HtmlService - ---------------------------------COOKIES-START-----------------------------
2017-04-07 14:51:39.635 DEBUG com.html.service.HtmlService - JSESSIONID--->45DFA1E171A49EC5AF6A1825C374D8A5
2017-04-07 14:51:39.635 DEBUG com.html.service.HtmlService - ---------------------------------COOKIES-END-----------------------------
2017-04-07 14:52:00.854 DEBUG com.html.service.HtmlService - ---------------------------------COOKIES-START-----------------------------
2017-04-07 14:52:00.860 DEBUG com.html.service.HtmlService - JSESSIONID--->328E336D527AD0B32A30A55DBD4E5400
2017-04-07 14:52:00.861 DEBUG com.html.service.HtmlService - ---------------------------------COOKIES-END-----------------------------
2017-04-07 14:52:07.550 DEBUG com.html.service.HtmlService - ---------------------------------COOKIES-START-----------------------------
2017-04-07 14:52:07.556 DEBUG com.html.service.HtmlService - JSESSIONID--->95EC0D2A319C62F3BCBFE23C4F1BC53D
2017-04-07 14:52:07.557 DEBUG com.html.service.HtmlService - ---------------------------------COOKIES-END-----------------------------
2017-04-07 14:55:36.870 DEBUG com.html.service.HtmlService - ---------------------------------COOKIES-START-----------------------------
2017-04-07 14:55:36.875 DEBUG com.html.service.HtmlService - JSESSIONID--->B09E3D88E71C59BDAF3C11769175705F
2017-04-07 14:55:36.875 DEBUG com.html.service.HtmlService - ---------------------------------COOKIES-END-----------------------------
2017-04-07 14:55:43.835 DEBUG com.html.service.HtmlService - ---------------------------------COOKIES-START-----------------------------
2017-04-07 14:55:43.840 DEBUG com.html.service.HtmlService - JSESSIONID--->A6AEC1B8B65A108AC8BD480722031A9A
2017-04-07 14:55:43.841 DEBUG com.html.service.HtmlService - ---------------------------------COOKIES-END-----------------------------
2017-04-07 14:55:50.933 DEBUG com.html.service.HtmlService - ---------------------------------COOKIES-START-----------------------------
2017-04-07 14:55:50.939 DEBUG com.html.service.HtmlService - JSESSIONID--->2252F9BD87EEDDB2C0C8538B8C9187FA
2017-04-07 14:55:50.939 DEBUG com.html.service.HtmlService - ---------------------------------COOKIES-END-----------------------------
2017-04-07 14:55:58.194 DEBUG com.html.service.HtmlService - ---------------------------------COOKIES-START-----------------------------
2017-04-07 14:55:58.200 DEBUG com.html.service.HtmlService - JSESSIONID--->C1951B5D4F4FC0F941E783D9497A567F
2017-04-07 14:55:58.200 DEBUG com.html.service.HtmlService - ---------------------------------COOKIES-END-----------------------------
2017-04-07 14:56:09.491 DEBUG com.html.service.HtmlService - ---------------------------------COOKIES-START-----------------------------
2017-04-07 14:56:09.497 DEBUG com.html.service.HtmlService - JSESSIONID--->B3A7AB73A924FD542F07CC004FE67E65
2017-04-07 14:56:09.497 DEBUG com.html.service.HtmlService - ---------------------------------COOKIES-END-----------------------------
2017-04-07 14:56:15.580 DEBUG com.html.service.HtmlService - ---------------------------------COOKIES-START-----------------------------
2017-04-07 14:56:15.585 DEBUG com.html.service.HtmlService - JSESSIONID--->01565045024A4FEBD407CF74F90D8F30
2017-04-07 14:56:15.586 DEBUG com.html.service.HtmlService - ---------------------------------COOKIES-END-----------------------------
2017-04-07 14:57:42.580 DEBUG com.html.service.HtmlService - ---------------------------------COOKIES-START-----------------------------
2017-04-07 14:57:42.590 DEBUG com.html.service.HtmlService - JSESSIONID--->6228F740D9A40EFF606AF3ABD2F587E4
2017-04-07 14:57:42.591 DEBUG com.html.service.HtmlService - ---------------------------------COOKIES-END-----------------------------
2017-04-07 14:57:52.378 DEBUG com.html.service.HtmlService - ---------------------------------COOKIES-START-----------------------------
2017-04-07 14:57:52.384 DEBUG com.html.service.HtmlService - JSESSIONID--->16E69C855A1DD7F420B8366F3D9C9AF1
2017-04-07 14:57:52.384 DEBUG com.html.service.HtmlService - ---------------------------------COOKIES-END-----------------------------
2017-04-07 15:08:21.306 DEBUG com.html.service.HtmlService - ---------------------------------COOKIES-START-----------------------------
2017-04-07 15:08:21.313 DEBUG com.html.service.HtmlService - JSESSIONID--->88097990DB877505BC26EDEEB578BB62
2017-04-07 15:08:21.314 DEBUG com.html.service.HtmlService - ---------------------------------COOKIES-END-----------------------------
2017-04-07 15:08:30.094 DEBUG com.html.service.HtmlService - ---------------------------------COOKIES-START-----------------------------
2017-04-07 15:08:30.099 DEBUG com.html.service.HtmlService - JSESSIONID--->AC67B3B366FC4561703A46AF4CAB146A
2017-04-07 15:08:30.100 DEBUG com.html.service.HtmlService - ---------------------------------COOKIES-END-----------------------------
2017-04-07 15:08:38.524 DEBUG com.html.service.HtmlService - ---------------------------------COOKIES-START-----------------------------
2017-04-07 15:08:38.533 DEBUG com.html.service.HtmlService - JSESSIONID--->891669A95E61A097354811FD0163CE95
2017-04-07 15:08:38.534 DEBUG com.html.service.HtmlService - ---------------------------------COOKIES-END-----------------------------
2017-04-07 15:08:45.879 DEBUG com.html.service.HtmlService - ---------------------------------COOKIES-START-----------------------------
2017-04-07 15:08:45.885 DEBUG com.html.service.HtmlService - JSESSIONID--->3410127968ED6C24FDC57E9411FA9745
2017-04-07 15:08:45.885 DEBUG com.html.service.HtmlService - ---------------------------------COOKIES-END-----------------------------
