2017-04-06 14:06:48.039 DEBUG com.html.service.HtmlService - ---------------------------------COOKIES-START-----------------------------
2017-04-06 14:06:48.045 DEBUG com.html.service.HtmlService - JSESSIONID--->57CC3AF725D21A3E8E910F78E4F597B0
2017-04-06 14:06:48.048 DEBUG com.html.service.HtmlService - ---------------------------------COOKIES-END-----------------------------
2017-04-06 14:16:43.456 DEBUG com.html.service.HtmlService - ---------------------------------COOKIES-START-----------------------------
2017-04-06 14:16:43.461 DEBUG com.html.service.HtmlService - JSESSIONID--->ED1797657EB0E044389D9C34A6205695
2017-04-06 14:16:43.463 DEBUG com.html.service.HtmlService - ---------------------------------COOKIES-END-----------------------------
2017-04-06 14:16:43.730 DEBUG com.html.service.HtmlService - ---------------------------------COOKIES-START-----------------------------
2017-04-06 14:16:43.730 DEBUG com.html.service.HtmlService - JSESSIONID--->FF6185F78097E179A39420B86F74AE02
2017-04-06 14:16:43.730 DEBUG com.html.service.HtmlService - ---------------------------------COOKIES-END-----------------------------
2017-04-06 14:17:01.527 DEBUG com.html.service.HtmlService - ---------------------------------COOKIES-START-----------------------------
2017-04-06 14:17:01.534 DEBUG com.html.service.HtmlService - JSESSIONID--->B31A46C92CA71921EA03942D6955F73F
2017-04-06 14:17:01.534 DEBUG com.html.service.HtmlService - ---------------------------------COOKIES-END-----------------------------
2017-04-06 14:20:12.647 DEBUG com.html.service.HtmlService - ---------------------------------COOKIES-START-----------------------------
2017-04-06 14:20:12.654 DEBUG com.html.service.HtmlService - JSESSIONID--->5A4ED99AFC1A58F06A77BE06C248DEDC
2017-04-06 14:20:12.654 DEBUG com.html.service.HtmlService - ---------------------------------COOKIES-END-----------------------------
2017-04-06 14:21:14.970 DEBUG com.html.service.HtmlService - ---------------------------------COOKIES-START-----------------------------
2017-04-06 14:21:14.976 DEBUG com.html.service.HtmlService - JSESSIONID--->F10E76B621FF0C6FD9B42F431B241489
2017-04-06 14:21:14.978 DEBUG com.html.service.HtmlService - ---------------------------------COOKIES-END-----------------------------
2017-04-06 14:42:44.269 DEBUG com.html.service.HtmlService - ---------------------------------COOKIES-START-----------------------------
2017-04-06 14:42:44.277 DEBUG com.html.service.HtmlService - JSESSIONID--->9E705B22E34F58B8A68CE875FCA47991
2017-04-06 14:42:44.277 DEBUG com.html.service.HtmlService - ---------------------------------COOKIES-END-----------------------------
2017-04-06 17:29:55.176 DEBUG com.html.service.HtmlService - ---------------------------------COOKIES-START-----------------------------
2017-04-06 17:29:55.185 DEBUG com.html.service.HtmlService - JSESSIONID--->5342728B88748A5728E835D25AE5CCC0
2017-04-06 17:29:55.185 DEBUG com.html.service.HtmlService - ---------------------------------COOKIES-END-----------------------------
2017-04-06 17:46:05.304 DEBUG com.html.service.HtmlService - ---------------------------------COOKIES-START-----------------------------
2017-04-06 17:46:05.311 DEBUG com.html.service.HtmlService - JSESSIONID--->C775AD5B3D5F09F6B6E44F1AFFE6C349
2017-04-06 17:46:05.311 DEBUG com.html.service.HtmlService - ---------------------------------COOKIES-END-----------------------------
2017-04-06 17:58:22.226 DEBUG com.html.service.HtmlService - ---------------------------------COOKIES-START-----------------------------
2017-04-06 17:58:22.232 DEBUG com.html.service.HtmlService - JSESSIONID--->8B943837459E5BA08D42D20BB1C3083F
2017-04-06 17:58:22.232 DEBUG com.html.service.HtmlService - ---------------------------------COOKIES-END-----------------------------
2017-04-06 17:59:43.039 DEBUG com.html.service.HtmlService - ---------------------------------COOKIES-START-----------------------------
2017-04-06 17:59:43.047 DEBUG com.html.service.HtmlService - JSESSIONID--->F5D9CAFECA76C1256ABB1169BDC8D384
2017-04-06 17:59:43.047 DEBUG com.html.service.HtmlService - ---------------------------------COOKIES-END-----------------------------
2017-04-06 18:01:56.238 DEBUG com.html.service.HtmlService - ---------------------------------COOKIES-START-----------------------------
2017-04-06 18:01:56.245 DEBUG com.html.service.HtmlService - JSESSIONID--->BBC5E32907065A3E18257C67FA13F12E
2017-04-06 18:01:56.245 DEBUG com.html.service.HtmlService - ---------------------------------COOKIES-END-----------------------------
2017-04-06 18:14:54.063 DEBUG com.html.service.HtmlService - ---------------------------------COOKIES-START-----------------------------
2017-04-06 18:14:54.070 DEBUG com.html.service.HtmlService - JSESSIONID--->5D5B07BB2F2CC7D123824356E00B4515
2017-04-06 18:14:54.070 DEBUG com.html.service.HtmlService - ---------------------------------COOKIES-END-----------------------------
2017-04-06 18:15:26.889 DEBUG com.html.service.HtmlService - ---------------------------------COOKIES-START-----------------------------
2017-04-06 18:15:26.895 DEBUG com.html.service.HtmlService - JSESSIONID--->8294F18E2673685A9A5AFD0A55B65042
2017-04-06 18:15:26.895 DEBUG com.html.service.HtmlService - ---------------------------------COOKIES-END-----------------------------
2017-04-06 18:15:47.379 DEBUG com.html.service.HtmlService - ---------------------------------COOKIES-START-----------------------------
2017-04-06 18:15:47.385 DEBUG com.html.service.HtmlService - JSESSIONID--->B3E4207A305BEC0E75E4A893FED559B4
2017-04-06 18:15:47.385 DEBUG com.html.service.HtmlService - ---------------------------------COOKIES-END-----------------------------
2017-04-06 18:16:05.064 DEBUG com.html.service.HtmlService - ---------------------------------COOKIES-START-----------------------------
2017-04-06 18:16:05.071 DEBUG com.html.service.HtmlService - JSESSIONID--->109A21D9AD47176C72D29B6528423969
2017-04-06 18:16:05.071 DEBUG com.html.service.HtmlService - ---------------------------------COOKIES-END-----------------------------
2017-04-06 18:17:38.894 DEBUG com.html.service.HtmlService - ---------------------------------COOKIES-START-----------------------------
2017-04-06 18:17:38.900 DEBUG com.html.service.HtmlService - JSESSIONID--->B0B6A3CA669A4D44431F541C857A2189
2017-04-06 18:17:38.901 DEBUG com.html.service.HtmlService - ---------------------------------COOKIES-END-----------------------------
2017-04-06 18:18:06.285 DEBUG com.html.service.HtmlService - ---------------------------------COOKIES-START-----------------------------
2017-04-06 18:18:06.292 DEBUG com.html.service.HtmlService - JSESSIONID--->59C952F6A6B1CB1B65FDA14A8281236F
2017-04-06 18:18:06.292 DEBUG com.html.service.HtmlService - ---------------------------------COOKIES-END-----------------------------
2017-04-06 18:18:16.434 DEBUG com.html.service.HtmlService - ---------------------------------COOKIES-START-----------------------------
2017-04-06 18:18:16.606 DEBUG com.html.service.HtmlService - JSESSIONID--->845D3B3396DDB19E2CD48CFED967956C
2017-04-06 18:18:16.607 DEBUG com.html.service.HtmlService - ---------------------------------COOKIES-END-----------------------------
2017-04-06 18:19:14.625 DEBUG com.html.service.HtmlService - ---------------------------------COOKIES-START-----------------------------
2017-04-06 18:19:14.631 DEBUG com.html.service.HtmlService - JSESSIONID--->CF9AC5CB7F19AE7991DB405340FDA3CF
2017-04-06 18:19:14.632 DEBUG com.html.service.HtmlService - ---------------------------------COOKIES-END-----------------------------
2017-04-06 18:19:23.304 DEBUG com.html.service.HtmlService - ---------------------------------COOKIES-START-----------------------------
2017-04-06 18:19:23.311 DEBUG com.html.service.HtmlService - JSESSIONID--->B1AC54C60EC4CBF71554B13244E36587
2017-04-06 18:19:23.311 DEBUG com.html.service.HtmlService - ---------------------------------COOKIES-END-----------------------------
2017-04-06 18:19:37.973 DEBUG com.html.service.HtmlService - ---------------------------------COOKIES-START-----------------------------
2017-04-06 18:19:37.981 DEBUG com.html.service.HtmlService - JSESSIONID--->1B2913CD87E65C5F9DD7BA26EEB5E991
2017-04-06 18:19:37.981 DEBUG com.html.service.HtmlService - ---------------------------------COOKIES-END-----------------------------
2017-04-06 18:20:21.699 DEBUG com.html.service.HtmlService - ---------------------------------COOKIES-START-----------------------------
2017-04-06 18:20:21.706 DEBUG com.html.service.HtmlService - JSESSIONID--->994FF26D8F22412E6A06BDA4EA0E45B1
2017-04-06 18:20:21.706 DEBUG com.html.service.HtmlService - ---------------------------------COOKIES-END-----------------------------
2017-04-06 18:20:29.602 DEBUG com.html.service.HtmlService - ---------------------------------COOKIES-START-----------------------------
2017-04-06 18:20:29.609 DEBUG com.html.service.HtmlService - JSESSIONID--->C8E5E9FE921DEB87A0D745B8C264EAEE
2017-04-06 18:20:29.609 DEBUG com.html.service.HtmlService - ---------------------------------COOKIES-END-----------------------------
2017-04-06 18:20:39.527 DEBUG com.html.service.HtmlService - ---------------------------------COOKIES-START-----------------------------
2017-04-06 18:20:39.533 DEBUG com.html.service.HtmlService - JSESSIONID--->B3C0C0720CD9742C5FE9019FEAE064D4
2017-04-06 18:20:39.533 DEBUG com.html.service.HtmlService - ---------------------------------COOKIES-END-----------------------------
2017-04-06 18:20:48.232 DEBUG com.html.service.HtmlService - ---------------------------------COOKIES-START-----------------------------
2017-04-06 18:20:48.238 DEBUG com.html.service.HtmlService - JSESSIONID--->E0EBFD10AE5372E7D3E5386E035D0DCD
2017-04-06 18:20:48.238 DEBUG com.html.service.HtmlService - ---------------------------------COOKIES-END-----------------------------
2017-04-06 18:20:57.361 DEBUG com.html.service.HtmlService - ---------------------------------COOKIES-START-----------------------------
2017-04-06 18:20:57.369 DEBUG com.html.service.HtmlService - JSESSIONID--->E4025DE3571135BDCD16CD66E7E7968B
2017-04-06 18:20:57.369 DEBUG com.html.service.HtmlService - ---------------------------------COOKIES-END-----------------------------
2017-04-06 18:22:17.989 DEBUG com.html.service.HtmlService - ---------------------------------COOKIES-START-----------------------------
2017-04-06 18:22:17.996 DEBUG com.html.service.HtmlService - JSESSIONID--->38BBD6A03E0EDA84F58D39BB4E690220
2017-04-06 18:22:17.996 DEBUG com.html.service.HtmlService - ---------------------------------COOKIES-END-----------------------------
2017-04-06 18:22:32.873 DEBUG com.html.service.HtmlService - ---------------------------------COOKIES-START-----------------------------
2017-04-06 18:22:32.879 DEBUG com.html.service.HtmlService - JSESSIONID--->FFCDCC8F132AB28EAD30AED02761F214
2017-04-06 18:22:32.880 DEBUG com.html.service.HtmlService - ---------------------------------COOKIES-END-----------------------------
2017-04-06 18:31:40.367 DEBUG com.html.service.HtmlService - ---------------------------------COOKIES-START-----------------------------
2017-04-06 18:31:40.375 DEBUG com.html.service.HtmlService - JSESSIONID--->CCBD3686B40308C1E2F275CF12D0229D
2017-04-06 18:31:40.375 DEBUG com.html.service.HtmlService - ---------------------------------COOKIES-END-----------------------------
2017-04-06 18:31:49.777 DEBUG com.html.service.HtmlService - ---------------------------------COOKIES-START-----------------------------
2017-04-06 18:31:49.785 DEBUG com.html.service.HtmlService - JSESSIONID--->D12E6FA65A4651D99EB0FE74B1538147
2017-04-06 18:31:49.786 DEBUG com.html.service.HtmlService - ---------------------------------COOKIES-END-----------------------------
