2017-04-07 08:18:28.802 INFO  com.html.service.HtmlService - JSESSIONID--->D7CB8492C708CD3B8EA043D548F24D90
2017-04-07 08:18:29.255 INFO  com.html.service.HtmlService - action--->login;jsessionid=D7CB8492C708CD3B8EA043D548F24D90
2017-04-07 08:18:29.265 INFO  com.html.service.HtmlService - lt--->_cF3F8BC52-12E4-9B25-72B3-5E48E60A7DB1_k2E54081F-3146-4F65-2E5A-B792FC85D21C
2017-04-07 08:18:29.267 INFO  com.html.service.HtmlService - _eventId--->submit
2017-04-07 08:18:29.282 INFO  com.html.service.HtmlService - 图片生成成功.
2017-04-07 08:18:29.287 INFO  com.html.service.Tess4jCode - 识别的验证码图片位置：[H:\workspace(3)\Regular\checkCode.jpg]
2017-04-07 08:18:30.862 INFO  com.html.service.Tess4jCode - 识别图片的结果：[VVTN]
2017-04-07 08:18:31.004 INFO  com.html.service.HtmlService - 图片验证的结果：[{result:false}],发送的code:[VVTN],JSESSIONID的值:[D7CB8492C708CD3B8EA043D548F24D90]
2017-04-07 08:18:45.707 INFO  com.html.service.HtmlService - JSESSIONID--->61453EAECE9A77157D0E0F67A2F682B6
2017-04-07 08:18:46.439 INFO  com.html.service.HtmlService - action--->login;jsessionid=61453EAECE9A77157D0E0F67A2F682B6
2017-04-07 08:18:46.450 INFO  com.html.service.HtmlService - lt--->_cBC9AE8FD-4190-A0EA-347D-0C82DD8C64F9_k1F166E01-F99D-8390-3AD2-13F8F84EBD96
2017-04-07 08:18:46.451 INFO  com.html.service.HtmlService - _eventId--->submit
2017-04-07 08:18:46.553 INFO  com.html.service.HtmlService - 图片生成成功.
2017-04-07 08:18:46.561 INFO  com.html.service.Tess4jCode - 识别的验证码图片位置：[H:\workspace(3)\Regular\checkCode.jpg]
2017-04-07 08:18:47.849 INFO  com.html.service.Tess4jCode - 识别图片的结果：[UCSa]
2017-04-07 08:18:48.011 INFO  com.html.service.HtmlService - 图片验证的结果：[{result:false}],发送的code:[UCSa],JSESSIONID的值:[61453EAECE9A77157D0E0F67A2F682B6]
2017-04-07 08:19:00.144 INFO  com.html.service.HtmlService - JSESSIONID--->E3C5C6934B8F936D2DCE549FF14D3B9A
2017-04-07 08:19:00.591 INFO  com.html.service.HtmlService - action--->login;jsessionid=E3C5C6934B8F936D2DCE549FF14D3B9A
2017-04-07 08:19:00.603 INFO  com.html.service.HtmlService - lt--->_c90B9191F-1B64-E863-C647-D6B7CC1B3248_k7AC52BC6-F40B-0AB0-55C5-7C5C11D34B1F
2017-04-07 08:19:00.604 INFO  com.html.service.HtmlService - _eventId--->submit
2017-04-07 08:19:00.615 INFO  com.html.service.HtmlService - 图片生成成功.
2017-04-07 08:19:00.619 INFO  com.html.service.Tess4jCode - 识别的验证码图片位置：[H:\workspace(3)\Regular\checkCode.jpg]
2017-04-07 08:19:01.922 INFO  com.html.service.Tess4jCode - 识别图片的结果：[HSVZ]
2017-04-07 08:19:02.098 INFO  com.html.service.HtmlService - 图片验证的结果：[{result:false}],发送的code:[HSVZ],JSESSIONID的值:[E3C5C6934B8F936D2DCE549FF14D3B9A]
2017-04-07 08:19:09.446 INFO  com.html.service.HtmlService - JSESSIONID--->4025E97B5E5AB5CCBAA68215D83606F3
2017-04-07 08:19:09.899 INFO  com.html.service.HtmlService - action--->login;jsessionid=4025E97B5E5AB5CCBAA68215D83606F3
2017-04-07 08:19:09.908 INFO  com.html.service.HtmlService - lt--->_cC8681B3D-C3FD-6613-47C2-8C49A7AE8BAA_kDEAE4C81-1682-EECC-BA9C-5B754B10B47F
2017-04-07 08:19:09.909 INFO  com.html.service.HtmlService - _eventId--->submit
2017-04-07 08:19:09.942 INFO  com.html.service.HtmlService - 图片生成成功.
2017-04-07 08:19:09.948 INFO  com.html.service.Tess4jCode - 识别的验证码图片位置：[H:\workspace(3)\Regular\checkCode.jpg]
2017-04-07 08:19:11.588 INFO  com.html.service.Tess4jCode - 识别图片的结果：[MGTLJ]
2017-04-07 08:19:11.752 INFO  com.html.service.HtmlService - 图片验证的结果：[{result:false}],发送的code:[MGTLJ],JSESSIONID的值:[4025E97B5E5AB5CCBAA68215D83606F3]
2017-04-07 08:19:18.653 INFO  com.html.service.HtmlService - JSESSIONID--->1152608179AB544DDA758C2A0B7F474E
2017-04-07 08:19:19.006 INFO  com.html.service.HtmlService - action--->login;jsessionid=1152608179AB544DDA758C2A0B7F474E
2017-04-07 08:19:19.019 INFO  com.html.service.HtmlService - lt--->_c771BD1C7-4869-F485-FB5B-3981539ACD9F_kF1286503-C92A-FB67-36F2-985FA31058C3
2017-04-07 08:19:19.020 INFO  com.html.service.HtmlService - _eventId--->submit
2017-04-07 08:19:19.031 INFO  com.html.service.HtmlService - 图片生成成功.
2017-04-07 08:19:19.035 INFO  com.html.service.Tess4jCode - 识别的验证码图片位置：[H:\workspace(3)\Regular\checkCode.jpg]
2017-04-07 08:19:20.165 INFO  com.html.service.Tess4jCode - 识别图片的结果：[RBSY]
2017-04-07 08:19:20.310 INFO  com.html.service.HtmlService - 图片验证的结果：[{result:false}],发送的code:[RBSY],JSESSIONID的值:[1152608179AB544DDA758C2A0B7F474E]
2017-04-07 08:19:33.081 INFO  com.html.service.HtmlService - JSESSIONID--->7C50A2DDD0CDCE820344CB31AB43D1A3
2017-04-07 08:19:33.695 INFO  com.html.service.HtmlService - action--->login;jsessionid=7C50A2DDD0CDCE820344CB31AB43D1A3
2017-04-07 08:19:33.704 INFO  com.html.service.HtmlService - lt--->_cC9C83E13-4C18-64FB-455E-69022270CDBE_k9E0DF374-A91A-6600-7D11-C0454B21ACEA
2017-04-07 08:19:33.705 INFO  com.html.service.HtmlService - _eventId--->submit
2017-04-07 08:19:33.717 INFO  com.html.service.HtmlService - 图片生成成功.
2017-04-07 08:19:33.721 INFO  com.html.service.Tess4jCode - 识别的验证码图片位置：[H:\workspace(3)\Regular\checkCode.jpg]
2017-04-07 08:19:34.974 INFO  com.html.service.Tess4jCode - 识别图片的结果：[GUSB]
2017-04-07 08:19:35.111 INFO  com.html.service.HtmlService - 图片验证的结果：[{result:false}],发送的code:[GUSB],JSESSIONID的值:[7C50A2DDD0CDCE820344CB31AB43D1A3]
2017-04-07 08:19:47.717 INFO  com.html.service.HtmlService - JSESSIONID--->2247DE90775DF95F620B6BACF0703A93
2017-04-07 08:19:48.193 INFO  com.html.service.HtmlService - action--->login;jsessionid=2247DE90775DF95F620B6BACF0703A93
2017-04-07 08:19:48.204 INFO  com.html.service.HtmlService - lt--->_c61E6BA86-54AE-702F-11CD-9B7CE5842D7E_k655E94F0-7112-5F8B-3386-2471186D2B8D
2017-04-07 08:19:48.205 INFO  com.html.service.HtmlService - _eventId--->submit
2017-04-07 08:19:48.219 INFO  com.html.service.HtmlService - 图片生成成功.
2017-04-07 08:19:48.224 INFO  com.html.service.Tess4jCode - 识别的验证码图片位置：[H:\workspace(3)\Regular\checkCode.jpg]
2017-04-07 08:19:49.528 INFO  com.html.service.Tess4jCode - 识别图片的结果：[MCY4]
2017-04-07 08:19:49.672 INFO  com.html.service.HtmlService - 图片验证的结果：[{result:false}],发送的code:[MCY4],JSESSIONID的值:[2247DE90775DF95F620B6BACF0703A93]
2017-04-07 08:19:56.472 INFO  com.html.service.HtmlService - JSESSIONID--->ACC70FBC71AA7A7F961615585E9B209B
2017-04-07 08:19:57.079 INFO  com.html.service.HtmlService - action--->login;jsessionid=ACC70FBC71AA7A7F961615585E9B209B
2017-04-07 08:19:57.090 INFO  com.html.service.HtmlService - lt--->_c99EC577C-199F-099B-06C5-E18F01203C84_kE67A8B7D-E424-9CF0-FEBF-2D5315063A24
2017-04-07 08:19:57.091 INFO  com.html.service.HtmlService - _eventId--->submit
2017-04-07 08:19:57.106 INFO  com.html.service.HtmlService - 图片生成成功.
2017-04-07 08:19:57.111 INFO  com.html.service.Tess4jCode - 识别的验证码图片位置：[H:\workspace(3)\Regular\checkCode.jpg]
2017-04-07 08:19:58.417 INFO  com.html.service.Tess4jCode - 识别图片的结果：[WZVB]
2017-04-07 08:19:58.571 INFO  com.html.service.HtmlService - 图片验证的结果：[{result:false}],发送的code:[WZVB],JSESSIONID的值:[ACC70FBC71AA7A7F961615585E9B209B]
2017-04-07 08:20:09.273 INFO  com.html.service.HtmlService - JSESSIONID--->324EDBEDE2A604A8E2663A0DEEAB1D91
2017-04-07 08:20:09.862 INFO  com.html.service.HtmlService - action--->login;jsessionid=324EDBEDE2A604A8E2663A0DEEAB1D91
2017-04-07 08:20:09.873 INFO  com.html.service.HtmlService - lt--->_c8BAE86C7-436C-66C2-B125-5E2B503F580A_k0E7C7DA6-68B4-9B48-10D7-7B56A4D5AC49
2017-04-07 08:20:09.874 INFO  com.html.service.HtmlService - _eventId--->submit
2017-04-07 08:20:09.887 INFO  com.html.service.HtmlService - 图片生成成功.
2017-04-07 08:20:09.892 INFO  com.html.service.Tess4jCode - 识别的验证码图片位置：[H:\workspace(3)\Regular\checkCode.jpg]
2017-04-07 08:20:11.421 INFO  com.html.service.Tess4jCode - 识别图片的结果：[3GSB]
2017-04-07 08:20:11.603 INFO  com.html.service.HtmlService - 图片验证的结果：[{result:false}],发送的code:[3GSB],JSESSIONID的值:[324EDBEDE2A604A8E2663A0DEEAB1D91]
2017-04-07 08:20:24.103 INFO  com.html.service.HtmlService - JSESSIONID--->DAAE60B9BD0F15EAEC601873250D864E
2017-04-07 08:20:24.663 INFO  com.html.service.HtmlService - action--->login;jsessionid=DAAE60B9BD0F15EAEC601873250D864E
2017-04-07 08:20:24.673 INFO  com.html.service.HtmlService - lt--->_c936C71D1-2EF6-F623-C98E-B3BADDB01AC7_k69639259-EDE6-2355-AB6F-BB4D029E78B4
2017-04-07 08:20:24.674 INFO  com.html.service.HtmlService - _eventId--->submit
2017-04-07 08:20:24.693 INFO  com.html.service.HtmlService - 图片生成成功.
2017-04-07 08:20:24.699 INFO  com.html.service.Tess4jCode - 识别的验证码图片位置：[H:\workspace(3)\Regular\checkCode.jpg]
2017-04-07 08:20:26.389 INFO  com.html.service.Tess4jCode - 识别图片的结果：[ZFXD]
2017-04-07 08:20:26.560 INFO  com.html.service.HtmlService - 图片验证的结果：[{result:false}],发送的code:[ZFXD],JSESSIONID的值:[DAAE60B9BD0F15EAEC601873250D864E]
2017-04-07 08:20:39.341 INFO  com.html.service.HtmlService - JSESSIONID--->EF0173FD47F6C7833BA12C3570FDD949
2017-04-07 08:20:39.649 INFO  com.html.service.HtmlService - action--->login;jsessionid=EF0173FD47F6C7833BA12C3570FDD949
2017-04-07 08:20:39.660 INFO  com.html.service.HtmlService - lt--->_cE18E9DE3-9050-434A-BA92-6B23B94DCE0E_kBAE75C69-4814-4FC0-036E-945BEAC7309D
2017-04-07 08:20:39.660 INFO  com.html.service.HtmlService - _eventId--->submit
2017-04-07 08:20:39.681 INFO  com.html.service.HtmlService - 图片生成成功.
2017-04-07 08:20:39.685 INFO  com.html.service.Tess4jCode - 识别的验证码图片位置：[H:\workspace(3)\Regular\checkCode.jpg]
2017-04-07 08:20:41.406 INFO  com.html.service.Tess4jCode - 识别图片的结果：[3EU2]
2017-04-07 08:20:41.556 INFO  com.html.service.HtmlService - 图片验证的结果：[{result:false}],发送的code:[3EU2],JSESSIONID的值:[EF0173FD47F6C7833BA12C3570FDD949]
2017-04-07 08:20:48.163 INFO  com.html.service.HtmlService - JSESSIONID--->C3B603DB60F26AEE9842E50F71F86A61
2017-04-07 08:20:48.603 INFO  com.html.service.HtmlService - action--->login;jsessionid=C3B603DB60F26AEE9842E50F71F86A61
2017-04-07 08:20:48.614 INFO  com.html.service.HtmlService - lt--->_c26B66136-1015-2A98-D83E-6F926925A02E_k49E68457-7665-0C77-0FD7-19B525DD2055
2017-04-07 08:20:48.615 INFO  com.html.service.HtmlService - _eventId--->submit
2017-04-07 08:20:48.630 INFO  com.html.service.HtmlService - 图片生成成功.
2017-04-07 08:20:48.635 INFO  com.html.service.Tess4jCode - 识别的验证码图片位置：[H:\workspace(3)\Regular\checkCode.jpg]
2017-04-07 08:20:49.961 INFO  com.html.service.Tess4jCode - 识别图片的结果：[MMYV]
2017-04-07 08:20:50.113 INFO  com.html.service.HtmlService - 图片验证的结果：[{result:false}],发送的code:[MMYV],JSESSIONID的值:[C3B603DB60F26AEE9842E50F71F86A61]
2017-04-07 08:21:32.212 INFO  com.html.service.HtmlService - JSESSIONID--->6496C57876103923D8133C91ED85E687
2017-04-07 08:21:32.858 INFO  com.html.service.HtmlService - action--->login;jsessionid=6496C57876103923D8133C91ED85E687
2017-04-07 08:21:32.876 INFO  com.html.service.HtmlService - lt--->_c215EE32F-3371-3435-8DA1-4F8AAA469401_k9B41ADD6-5286-3F7F-ADBA-9B4A62FA6709
2017-04-07 08:21:32.877 INFO  com.html.service.HtmlService - _eventId--->submit
2017-04-07 08:21:32.889 INFO  com.html.service.HtmlService - 图片生成成功.
2017-04-07 08:21:32.894 INFO  com.html.service.Tess4jCode - 识别的验证码图片位置：[H:\workspace(3)\Regular\checkCode.jpg]
2017-04-07 08:21:34.126 INFO  com.html.service.Tess4jCode - 识别图片的结果：[VKca]
2017-04-07 08:21:34.267 INFO  com.html.service.HtmlService - 图片验证的结果：[{result:false}],发送的code:[VKca],JSESSIONID的值:[6496C57876103923D8133C91ED85E687]
2017-04-07 08:21:39.894 INFO  com.html.service.HtmlService - JSESSIONID--->D0B240A13BFC915FFE2F5AC0B2E60957
2017-04-07 08:21:40.354 INFO  com.html.service.HtmlService - action--->login;jsessionid=D0B240A13BFC915FFE2F5AC0B2E60957
2017-04-07 08:21:40.366 INFO  com.html.service.HtmlService - lt--->_c392580DC-631C-1D3D-0349-071088358EA1_k5A2891DD-CD1D-65B9-4217-9BB58C194F1C
2017-04-07 08:21:40.367 INFO  com.html.service.HtmlService - _eventId--->submit
2017-04-07 08:21:40.380 INFO  com.html.service.HtmlService - 图片生成成功.
2017-04-07 08:21:40.384 INFO  com.html.service.Tess4jCode - 识别的验证码图片位置：[H:\workspace(3)\Regular\checkCode.jpg]
2017-04-07 08:21:41.747 INFO  com.html.service.Tess4jCode - 识别图片的结果：[4WTA]
2017-04-07 08:21:41.883 INFO  com.html.service.HtmlService - 图片验证的结果：[{result:true}],发送的code:[4WTA],JSESSIONID的值:[D0B240A13BFC915FFE2F5AC0B2E60957]
2017-04-07 08:21:41.903 INFO  com.html.service.HtmlService - JSESSIONID:[D0B240A13BFC915FFE2F5AC0B2E60957],提交表单后的结果:[http://pmo.ultrapower.com.cn/ucas/login;JSESSIONID=D0B240A13BFC915FFE2F5AC0B2E60957;jsessionid=76A3ACF60A51B31957965AE7DDF00A45?t=http%3A%2F%2Feoms.ultrapower.com.cn%2Fultrapmo%2Fportal%2Findex_new.action],返回的状态码:[200]
2017-04-07 08:25:19.016 INFO  com.html.service.HtmlService - JSESSIONID--->44BD5DB696882DF9FED7F9F75036045F
2017-04-07 08:25:19.471 INFO  com.html.service.HtmlService - action--->login;jsessionid=44BD5DB696882DF9FED7F9F75036045F
2017-04-07 08:25:19.483 INFO  com.html.service.HtmlService - lt--->_c0717E711-A4A8-7536-0D76-67C5B1FEB107_kDAAE460F-957E-39C4-12D0-61B5D0ADB772
2017-04-07 08:25:19.484 INFO  com.html.service.HtmlService - _eventId--->submit
2017-04-07 08:25:19.496 INFO  com.html.service.HtmlService - 图片生成成功.
2017-04-07 08:25:19.501 INFO  com.html.service.Tess4jCode - 识别的验证码图片位置：[H:\workspace(3)\Regular\checkCode.jpg]
2017-04-07 08:25:20.948 INFO  com.html.service.Tess4jCode - 识别图片的结果：[6E36]
2017-04-07 08:25:21.189 INFO  com.html.service.HtmlService - 图片验证的结果：[{result:true}],发送的code:[6E36],JSESSIONID的值:[44BD5DB696882DF9FED7F9F75036045F]
2017-04-07 08:25:21.224 INFO  com.html.service.HtmlService - JSESSIONID:[44BD5DB696882DF9FED7F9F75036045F],提交表单后的结果:[http://pmo.ultrapower.com.cn/ucas/login;JSESSIONID=44BD5DB696882DF9FED7F9F75036045F;jsessionid=FF38DA532E1D0A905C9EA140CDAA4F34?t=http%3A%2F%2Feoms.ultrapower.com.cn%2Fultrapmo%2Fportal%2Findex_new.action],返回的状态码:[200]
2017-04-07 09:01:44.570 INFO  com.html.service.HtmlService - JSESSIONID--->2DF9A3B9CC4FB69DE4127B3547109775
2017-04-07 09:01:44.919 INFO  com.html.service.HtmlService - action--->login;jsessionid=2DF9A3B9CC4FB69DE4127B3547109775
2017-04-07 09:01:44.931 INFO  com.html.service.HtmlService - lt--->_c1F7D5A53-2239-7D80-9CA9-379B9F18DA17_kD3C762F5-CB7E-8B71-33A2-C27DE9CF83EE
2017-04-07 09:01:44.932 INFO  com.html.service.HtmlService - _eventId--->submit
2017-04-07 09:01:44.945 INFO  com.html.service.HtmlService - 图片生成成功.
2017-04-07 09:01:44.950 INFO  com.html.service.Tess4jCode - 识别的验证码图片位置：[H:\workspace(3)\Regular\checkCode.jpg]
2017-04-07 09:01:46.310 INFO  com.html.service.Tess4jCode - 识别图片的结果：[VDAc]
2017-04-07 09:01:46.463 INFO  com.html.service.HtmlService - 图片验证的结果：[{result:false}],发送的code:[VDAc],JSESSIONID的值:[2DF9A3B9CC4FB69DE4127B3547109775]
2017-04-07 09:01:52.140 INFO  com.html.service.HtmlService - JSESSIONID--->CCD2475F77DC2A5BCCAB60F862B52C45
2017-04-07 09:01:52.606 INFO  com.html.service.HtmlService - action--->login;jsessionid=CCD2475F77DC2A5BCCAB60F862B52C45
2017-04-07 09:01:52.615 INFO  com.html.service.HtmlService - lt--->_c13E99FA5-9F09-F43E-4824-C16695BD2DE2_k6C02B74F-B62E-1C80-E0C0-FC1A3A8EDB3C
2017-04-07 09:01:52.615 INFO  com.html.service.HtmlService - _eventId--->submit
2017-04-07 09:01:52.626 INFO  com.html.service.HtmlService - 图片生成成功.
2017-04-07 09:01:52.630 INFO  com.html.service.Tess4jCode - 识别的验证码图片位置：[H:\workspace(3)\Regular\checkCode.jpg]
2017-04-07 09:01:54.030 INFO  com.html.service.Tess4jCode - 识别图片的结果：[RLFK]
2017-04-07 09:01:54.179 INFO  com.html.service.HtmlService - 图片验证的结果：[{result:false}],发送的code:[RLFK],JSESSIONID的值:[CCD2475F77DC2A5BCCAB60F862B52C45]
2017-04-07 09:02:02.935 INFO  com.html.service.HtmlService - JSESSIONID--->241ACF2D205A18CE7059C867DDE22BB3
2017-04-07 09:02:03.387 INFO  com.html.service.HtmlService - action--->login;jsessionid=241ACF2D205A18CE7059C867DDE22BB3
2017-04-07 09:02:03.401 INFO  com.html.service.HtmlService - lt--->_cC39ECD15-B34C-7522-B91C-316F300838F4_kE180F7D7-45A0-3AC4-139D-EC081202F9E0
2017-04-07 09:02:03.402 INFO  com.html.service.HtmlService - _eventId--->submit
2017-04-07 09:02:03.413 INFO  com.html.service.HtmlService - 图片生成成功.
2017-04-07 09:02:03.418 INFO  com.html.service.Tess4jCode - 识别的验证码图片位置：[H:\workspace(3)\Regular\checkCode.jpg]
2017-04-07 09:02:04.658 INFO  com.html.service.Tess4jCode - 识别图片的结果：[SLBJ]
2017-04-07 09:02:04.796 INFO  com.html.service.HtmlService - 图片验证的结果：[{result:false}],发送的code:[SLBJ],JSESSIONID的值:[241ACF2D205A18CE7059C867DDE22BB3]
2017-04-07 09:02:09.905 INFO  com.html.service.HtmlService - JSESSIONID--->23B55C15123B2E560B495651CEF88CE4
2017-04-07 09:02:10.349 INFO  com.html.service.HtmlService - action--->login;jsessionid=23B55C15123B2E560B495651CEF88CE4
2017-04-07 09:02:10.363 INFO  com.html.service.HtmlService - lt--->_cE6A4352A-0E89-E8F0-5937-6FBF0A093437_k2F9E4837-DA7A-3C2B-4658-243A648FFCBC
2017-04-07 09:02:10.364 INFO  com.html.service.HtmlService - _eventId--->submit
2017-04-07 09:02:10.375 INFO  com.html.service.HtmlService - 图片生成成功.
2017-04-07 09:02:10.379 INFO  com.html.service.Tess4jCode - 识别的验证码图片位置：[H:\workspace(3)\Regular\checkCode.jpg]
2017-04-07 09:02:11.794 INFO  com.html.service.Tess4jCode - 识别图片的结果：[MXJ7]
2017-04-07 09:02:11.954 INFO  com.html.service.HtmlService - 图片验证的结果：[{result:false}],发送的code:[MXJ7],JSESSIONID的值:[23B55C15123B2E560B495651CEF88CE4]
2017-04-07 09:02:21.272 INFO  com.html.service.HtmlService - JSESSIONID--->9758485D3E3C12B387B4EF6710CB9885
2017-04-07 09:02:21.729 INFO  com.html.service.HtmlService - action--->login;jsessionid=9758485D3E3C12B387B4EF6710CB9885
2017-04-07 09:02:21.811 INFO  com.html.service.HtmlService - lt--->_c10ACAC8D-514B-562B-D5C2-8B10987B7E62_k69DB0344-A431-E1DD-63D3-922C700D184F
2017-04-07 09:02:21.812 INFO  com.html.service.HtmlService - _eventId--->submit
2017-04-07 09:02:21.832 INFO  com.html.service.HtmlService - 图片生成成功.
2017-04-07 09:02:21.836 INFO  com.html.service.Tess4jCode - 识别的验证码图片位置：[H:\workspace(3)\Regular\checkCode.jpg]
2017-04-07 09:02:23.045 INFO  com.html.service.Tess4jCode - 识别图片的结果：[4CUD]
2017-04-07 09:02:23.188 INFO  com.html.service.HtmlService - 图片验证的结果：[{result:false}],发送的code:[4CUD],JSESSIONID的值:[9758485D3E3C12B387B4EF6710CB9885]
2017-04-07 09:02:29.265 INFO  com.html.service.HtmlService - JSESSIONID--->F7EF3C3E8749A74AA69E9497BA51DA6B
2017-04-07 09:02:29.611 INFO  com.html.service.HtmlService - action--->login;jsessionid=F7EF3C3E8749A74AA69E9497BA51DA6B
2017-04-07 09:02:29.624 INFO  com.html.service.HtmlService - lt--->_c9DF040B2-51C1-5CCE-C9B5-4844DB304ED1_k31C01B33-6DFC-DC54-FDC5-D1FDE84031C4
2017-04-07 09:02:29.625 INFO  com.html.service.HtmlService - _eventId--->submit
2017-04-07 09:02:29.679 INFO  com.html.service.HtmlService - 图片生成成功.
2017-04-07 09:02:29.685 INFO  com.html.service.Tess4jCode - 识别的验证码图片位置：[H:\workspace(3)\Regular\checkCode.jpg]
2017-04-07 09:02:31.268 INFO  com.html.service.Tess4jCode - 识别图片的结果：[MMN4]
2017-04-07 09:02:31.459 INFO  com.html.service.HtmlService - 图片验证的结果：[{result:false}],发送的code:[MMN4],JSESSIONID的值:[F7EF3C3E8749A74AA69E9497BA51DA6B]
2017-04-07 09:02:36.301 INFO  com.html.service.HtmlService - JSESSIONID--->AB3209C8B923DB7F361D855E8748251A
2017-04-07 09:02:36.718 INFO  com.html.service.HtmlService - action--->login;jsessionid=AB3209C8B923DB7F361D855E8748251A
2017-04-07 09:02:36.726 INFO  com.html.service.HtmlService - lt--->_c38FAA8EB-255C-8559-E55B-AAD04AF26307_k55B1150D-DE7D-E913-4061-57296DD68F9C
2017-04-07 09:02:36.727 INFO  com.html.service.HtmlService - _eventId--->submit
2017-04-07 09:02:36.738 INFO  com.html.service.HtmlService - 图片生成成功.
2017-04-07 09:02:36.742 INFO  com.html.service.Tess4jCode - 识别的验证码图片位置：[H:\workspace(3)\Regular\checkCode.jpg]
2017-04-07 09:02:37.917 INFO  com.html.service.Tess4jCode - 识别图片的结果：[DLGB]
2017-04-07 09:02:38.057 INFO  com.html.service.HtmlService - 图片验证的结果：[{result:false}],发送的code:[DLGB],JSESSIONID的值:[AB3209C8B923DB7F361D855E8748251A]
2017-04-07 09:02:45.598 INFO  com.html.service.HtmlService - JSESSIONID--->3DFD14363F2356775EEED8ACB855AD29
2017-04-07 09:02:45.838 INFO  com.html.service.HtmlService - action--->login;jsessionid=3DFD14363F2356775EEED8ACB855AD29
2017-04-07 09:02:45.847 INFO  com.html.service.HtmlService - lt--->_cAB702195-F138-623A-E25A-A10ED8BC96D9_k4BEA3BD4-B2C3-6A55-A552-E471A445D8B8
2017-04-07 09:02:45.848 INFO  com.html.service.HtmlService - _eventId--->submit
2017-04-07 09:02:45.867 INFO  com.html.service.HtmlService - 图片生成成功.
2017-04-07 09:02:45.902 INFO  com.html.service.Tess4jCode - 识别的验证码图片位置：[H:\workspace(3)\Regular\checkCode.jpg]
2017-04-07 09:02:47.384 INFO  com.html.service.Tess4jCode - 识别图片的结果：[0MFa]
2017-04-07 09:02:47.525 INFO  com.html.service.HtmlService - 图片验证的结果：[{result:false}],发送的code:[0MFa],JSESSIONID的值:[3DFD14363F2356775EEED8ACB855AD29]
2017-04-07 09:02:53.866 INFO  com.html.service.HtmlService - JSESSIONID--->3F5B8D06A18F990F7E61B348A30602E5
2017-04-07 09:02:54.340 INFO  com.html.service.HtmlService - action--->login;jsessionid=3F5B8D06A18F990F7E61B348A30602E5
2017-04-07 09:02:54.356 INFO  com.html.service.HtmlService - lt--->_c79AF6B41-B0AF-FDB0-641C-9B7A1A5FBF51_k99587D47-FAAC-46AF-0529-F6940A9EF23F
2017-04-07 09:02:54.357 INFO  com.html.service.HtmlService - _eventId--->submit
2017-04-07 09:02:54.369 INFO  com.html.service.HtmlService - 图片生成成功.
2017-04-07 09:02:54.374 INFO  com.html.service.Tess4jCode - 识别的验证码图片位置：[H:\workspace(3)\Regular\checkCode.jpg]
2017-04-07 09:02:55.630 INFO  com.html.service.Tess4jCode - 识别图片的结果：[KBT4]
2017-04-07 09:02:55.811 INFO  com.html.service.HtmlService - 图片验证的结果：[{result:false}],发送的code:[KBT4],JSESSIONID的值:[3F5B8D06A18F990F7E61B348A30602E5]
2017-04-07 09:03:04.259 INFO  com.html.service.HtmlService - JSESSIONID--->BC8BA6F8FC9901B80ADC80D30A932E12
2017-04-07 09:03:04.728 INFO  com.html.service.HtmlService - action--->login;jsessionid=BC8BA6F8FC9901B80ADC80D30A932E12
2017-04-07 09:03:04.735 INFO  com.html.service.HtmlService - lt--->_cE51AE8CF-56A0-51E3-6383-8F4A00310923_kDC67D74E-1845-BAB4-C56F-66AC93369A56
2017-04-07 09:03:04.737 INFO  com.html.service.HtmlService - _eventId--->submit
2017-04-07 09:03:04.749 INFO  com.html.service.HtmlService - 图片生成成功.
2017-04-07 09:03:04.754 INFO  com.html.service.Tess4jCode - 识别的验证码图片位置：[H:\workspace(3)\Regular\checkCode.jpg]
2017-04-07 09:03:05.964 INFO  com.html.service.Tess4jCode - 识别图片的结果：[3VBH]
2017-04-07 09:03:06.109 INFO  com.html.service.HtmlService - 图片验证的结果：[{result:false}],发送的code:[3VBH],JSESSIONID的值:[BC8BA6F8FC9901B80ADC80D30A932E12]
2017-04-07 09:03:11.668 INFO  com.html.service.HtmlService - JSESSIONID--->798A33D16CC7E1246231988C838424F1
2017-04-07 09:03:12.153 INFO  com.html.service.HtmlService - action--->login;jsessionid=798A33D16CC7E1246231988C838424F1
2017-04-07 09:03:12.171 INFO  com.html.service.HtmlService - lt--->_c94652D9D-BE56-5C88-71E4-0124A9AAC9AB_k2E2F6510-A9D7-A4C4-2D5E-C8282732A1AE
2017-04-07 09:03:12.173 INFO  com.html.service.HtmlService - _eventId--->submit
2017-04-07 09:03:12.187 INFO  com.html.service.HtmlService - 图片生成成功.
2017-04-07 09:03:12.191 INFO  com.html.service.Tess4jCode - 识别的验证码图片位置：[H:\workspace(3)\Regular\checkCode.jpg]
2017-04-07 09:03:13.588 INFO  com.html.service.Tess4jCode - 识别图片的结果：[M77W]
2017-04-07 09:03:13.727 INFO  com.html.service.HtmlService - 图片验证的结果：[{result:false}],发送的code:[M77W],JSESSIONID的值:[798A33D16CC7E1246231988C838424F1]
2017-04-07 09:03:20.813 INFO  com.html.service.HtmlService - JSESSIONID--->7F6A43CB78440B52DD3B3CBE913772BA
2017-04-07 09:03:21.329 INFO  com.html.service.HtmlService - action--->login;jsessionid=7F6A43CB78440B52DD3B3CBE913772BA
2017-04-07 09:03:21.339 INFO  com.html.service.HtmlService - lt--->_c276BD6E4-AB5C-9A27-0DAD-FBD0F2953C02_k3116F136-E4E4-22C5-76F4-90EC737E20A6
2017-04-07 09:03:21.340 INFO  com.html.service.HtmlService - _eventId--->submit
2017-04-07 09:03:21.379 INFO  com.html.service.HtmlService - 图片生成成功.
2017-04-07 09:03:21.384 INFO  com.html.service.Tess4jCode - 识别的验证码图片位置：[H:\workspace(3)\Regular\checkCode.jpg]
2017-04-07 09:03:22.729 INFO  com.html.service.Tess4jCode - 识别图片的结果：[E3TH]
2017-04-07 09:03:22.872 INFO  com.html.service.HtmlService - 图片验证的结果：[{result:false}],发送的code:[E3TH],JSESSIONID的值:[7F6A43CB78440B52DD3B3CBE913772BA]
2017-04-07 09:03:28.014 INFO  com.html.service.HtmlService - JSESSIONID--->9DED7CF2E1A6F59CEF91BB3422DF3916
2017-04-07 09:03:28.395 INFO  com.html.service.HtmlService - action--->login;jsessionid=9DED7CF2E1A6F59CEF91BB3422DF3916
2017-04-07 09:03:28.413 INFO  com.html.service.HtmlService - lt--->_c412F7032-6620-74C1-0B52-D7AB5C0B24BE_k25DBE7A5-0161-8EED-A17C-E9C70D8961A8
2017-04-07 09:03:28.414 INFO  com.html.service.HtmlService - _eventId--->submit
2017-04-07 09:03:28.434 INFO  com.html.service.HtmlService - 图片生成成功.
2017-04-07 09:03:28.439 INFO  com.html.service.Tess4jCode - 识别的验证码图片位置：[H:\workspace(3)\Regular\checkCode.jpg]
2017-04-07 09:03:29.569 INFO  com.html.service.Tess4jCode - 识别图片的结果：[RRWT]
2017-04-07 09:03:29.740 INFO  com.html.service.HtmlService - 图片验证的结果：[{result:false}],发送的code:[RRWT],JSESSIONID的值:[9DED7CF2E1A6F59CEF91BB3422DF3916]
2017-04-07 09:03:35.403 INFO  com.html.service.HtmlService - JSESSIONID--->EA889974507025334C78F1DFC5B2DBEF
2017-04-07 09:03:35.815 INFO  com.html.service.HtmlService - action--->login;jsessionid=EA889974507025334C78F1DFC5B2DBEF
2017-04-07 09:03:35.826 INFO  com.html.service.HtmlService - lt--->_cE265D882-2E62-E4A3-8F5A-2D03D74A05DE_kB08380B1-A9A4-41C3-8573-C950C1D2CFD9
2017-04-07 09:03:35.827 INFO  com.html.service.HtmlService - _eventId--->submit
2017-04-07 09:03:35.838 INFO  com.html.service.HtmlService - 图片生成成功.
2017-04-07 09:03:35.843 INFO  com.html.service.Tess4jCode - 识别的验证码图片位置：[H:\workspace(3)\Regular\checkCode.jpg]
2017-04-07 09:03:37.016 INFO  com.html.service.Tess4jCode - 识别图片的结果：[MUSS]
2017-04-07 09:03:37.158 INFO  com.html.service.HtmlService - 图片验证的结果：[{result:false}],发送的code:[MUSS],JSESSIONID的值:[EA889974507025334C78F1DFC5B2DBEF]
2017-04-07 09:03:47.808 INFO  com.html.service.HtmlService - JSESSIONID--->0D0FF782BB6FE22CD79AE206729108B1
2017-04-07 09:03:48.274 INFO  com.html.service.HtmlService - action--->login;jsessionid=0D0FF782BB6FE22CD79AE206729108B1
2017-04-07 09:03:48.285 INFO  com.html.service.HtmlService - lt--->_cA7E198DB-899A-8FF5-23BA-102A5EEB30CD_kF1455A95-2DCE-58B1-1C8C-7240F29974C7
2017-04-07 09:03:48.286 INFO  com.html.service.HtmlService - _eventId--->submit
2017-04-07 09:03:48.299 INFO  com.html.service.HtmlService - 图片生成成功.
2017-04-07 09:03:48.302 INFO  com.html.service.Tess4jCode - 识别的验证码图片位置：[H:\workspace(3)\Regular\checkCode.jpg]
2017-04-07 09:03:49.871 INFO  com.html.service.Tess4jCode - 识别图片的结果：[3Kaa]
2017-04-07 09:03:50.018 INFO  com.html.service.HtmlService - 图片验证的结果：[{result:false}],发送的code:[3Kaa],JSESSIONID的值:[0D0FF782BB6FE22CD79AE206729108B1]
2017-04-07 09:03:59.469 INFO  com.html.service.HtmlService - JSESSIONID--->843F0FBB6367A58797311764A65EF191
2017-04-07 09:03:59.918 INFO  com.html.service.HtmlService - action--->login;jsessionid=843F0FBB6367A58797311764A65EF191
2017-04-07 09:03:59.928 INFO  com.html.service.HtmlService - lt--->_c2D3102CF-5F31-0BCD-42F8-5BDBD7A4747F_kB47E0ED4-2C28-F5CA-DACA-FE6BB363975F
2017-04-07 09:03:59.929 INFO  com.html.service.HtmlService - _eventId--->submit
2017-04-07 09:03:59.941 INFO  com.html.service.HtmlService - 图片生成成功.
2017-04-07 09:03:59.947 INFO  com.html.service.Tess4jCode - 识别的验证码图片位置：[H:\workspace(3)\Regular\checkCode.jpg]
2017-04-07 09:04:01.114 INFO  com.html.service.Tess4jCode - 识别图片的结果：[YFYXB]
2017-04-07 09:04:01.258 INFO  com.html.service.HtmlService - 图片验证的结果：[{result:false}],发送的code:[YFYXB],JSESSIONID的值:[843F0FBB6367A58797311764A65EF191]
2017-04-07 09:04:07.964 INFO  com.html.service.HtmlService - JSESSIONID--->3A9AA7856C3D6208CE89F9598200B9D9
2017-04-07 09:04:08.423 INFO  com.html.service.HtmlService - action--->login;jsessionid=3A9AA7856C3D6208CE89F9598200B9D9
2017-04-07 09:04:08.435 INFO  com.html.service.HtmlService - lt--->_c1488BD84-ACCF-834D-939A-353826EF2830_k77C29360-46B1-981C-21FA-065A553F3F22
2017-04-07 09:04:08.437 INFO  com.html.service.HtmlService - _eventId--->submit
2017-04-07 09:04:08.449 INFO  com.html.service.HtmlService - 图片生成成功.
2017-04-07 09:04:08.454 INFO  com.html.service.Tess4jCode - 识别的验证码图片位置：[H:\workspace(3)\Regular\checkCode.jpg]
2017-04-07 09:04:09.875 INFO  com.html.service.Tess4jCode - 识别图片的结果：[U7CH]
2017-04-07 09:04:10.025 INFO  com.html.service.HtmlService - 图片验证的结果：[{result:true}],发送的code:[U7CH],JSESSIONID的值:[3A9AA7856C3D6208CE89F9598200B9D9]
2017-04-07 09:04:10.046 INFO  com.html.service.HtmlService - cookies:{JSESSIONID=1D705DA3E7B99CF7619058900EB83597}
2017-04-07 09:04:10.047 INFO  com.html.service.HtmlService - JSESSIONID:[3A9AA7856C3D6208CE89F9598200B9D9],提交表单后的结果:[http://pmo.ultrapower.com.cn/ucas/login;JSESSIONID=3A9AA7856C3D6208CE89F9598200B9D9;jsessionid=1D705DA3E7B99CF7619058900EB83597?t=http%3A%2F%2Feoms.ultrapower.com.cn%2Fultrapmo%2Fportal%2Findex_new.action],返回的状态码:[200]
2017-04-07 09:05:06.084 INFO  com.html.service.HtmlService - JSESSIONID--->F3005882A72A7ADF2C7BF7E0A1D3D6B7
2017-04-07 09:05:06.500 INFO  com.html.service.HtmlService - action--->login;jsessionid=F3005882A72A7ADF2C7BF7E0A1D3D6B7
2017-04-07 09:05:06.510 INFO  com.html.service.HtmlService - lt--->_cC5FFE9F8-3E4F-9C0C-70BE-DE731FC17F51_kFFDCCBAF-1C59-2829-36C7-D87DD8FE8B31
2017-04-07 09:05:06.511 INFO  com.html.service.HtmlService - _eventId--->submit
2017-04-07 09:05:06.520 INFO  com.html.service.HtmlService - 图片生成成功.
2017-04-07 09:05:06.524 INFO  com.html.service.Tess4jCode - 识别的验证码图片位置：[H:\workspace(3)\Regular\checkCode.jpg]
2017-04-07 09:05:07.720 INFO  com.html.service.Tess4jCode - 识别图片的结果：[EW4N]
2017-04-07 09:05:07.865 INFO  com.html.service.HtmlService - 图片验证的结果：[{result:true}],发送的code:[EW4N],JSESSIONID的值:[F3005882A72A7ADF2C7BF7E0A1D3D6B7]
2017-04-07 09:05:07.884 INFO  com.html.service.HtmlService - cookies:{JSESSIONID=799EC6A51CA469A99335606C384687C5}
2017-04-07 09:05:07.885 INFO  com.html.service.HtmlService - JSESSIONID:[F3005882A72A7ADF2C7BF7E0A1D3D6B7],提交表单后的结果:[http://pmo.ultrapower.com.cn/ucas/login;jsessionid=799EC6A51CA469A99335606C384687C5],返回的状态码:[200]
2017-04-07 09:10:44.594 INFO  com.html.service.HtmlService - JSESSIONID--->B0F0D074A1D8B5E98F3EFF52B6D0DBA4
2017-04-07 09:10:45.100 INFO  com.html.service.HtmlService - action--->login;jsessionid=B0F0D074A1D8B5E98F3EFF52B6D0DBA4
2017-04-07 09:10:45.109 INFO  com.html.service.HtmlService - lt--->_c27A516BA-2A91-D879-46F3-296B31BF75FA_k8A5AE1CD-82FF-169B-7041-ED98A4119F38
2017-04-07 09:10:45.110 INFO  com.html.service.HtmlService - _eventId--->submit
2017-04-07 09:10:45.121 INFO  com.html.service.HtmlService - 图片生成成功.
2017-04-07 09:10:45.126 INFO  com.html.service.Tess4jCode - 识别的验证码图片位置：[H:\workspace(3)\Regular\checkCode.jpg]
2017-04-07 09:10:46.312 INFO  com.html.service.Tess4jCode - 识别图片的结果：[ZMVJ]
2017-04-07 09:10:46.469 INFO  com.html.service.HtmlService - 图片验证的结果：[{result:true}],发送的code:[ZMVJ],JSESSIONID的值:[B0F0D074A1D8B5E98F3EFF52B6D0DBA4]
2017-04-07 09:10:46.532 INFO  com.html.service.HtmlService - 提交表单后返回的cookies:{CASTGC=TGT-11619-UziZ3F7LSmBzyqKHaL4Mdgo6QVnOpjFWmtJMHrOeAnBHyUpLA5, CASPRIVACY=""}
2017-04-07 09:10:46.533 INFO  com.html.service.HtmlService - JSESSIONID:[B0F0D074A1D8B5E98F3EFF52B6D0DBA4],提交表单后的结果:[http://pmo.ultrapower.com.cn/ucas/login],返回的状态码:[200]
2017-04-07 09:17:20.786 INFO  com.html.service.HtmlService - JSESSIONID--->46AB76DFA654736074494F550D3DD1D0
2017-04-07 09:17:21.336 INFO  com.html.service.HtmlService - action--->login;jsessionid=46AB76DFA654736074494F550D3DD1D0
2017-04-07 09:17:21.347 INFO  com.html.service.HtmlService - lt--->_c53C97991-F44A-9D05-5985-D117BFC42028_k94876DB8-9412-0A9A-347E-81D1E764A67F
2017-04-07 09:17:21.348 INFO  com.html.service.HtmlService - _eventId--->submit
2017-04-07 09:17:21.369 INFO  com.html.service.HtmlService - 图片生成成功.
2017-04-07 09:17:21.373 INFO  com.html.service.Tess4jCode - 识别的验证码图片位置：[H:\workspace(3)\Regular\checkCode.jpg]
2017-04-07 09:17:22.620 INFO  com.html.service.Tess4jCode - 识别图片的结果：[GM2D]
2017-04-07 09:17:22.771 INFO  com.html.service.HtmlService - 图片验证的结果：[{result:false}],发送的code:[GM2D],JSESSIONID的值:[46AB76DFA654736074494F550D3DD1D0]
2017-04-07 09:17:27.886 INFO  com.html.service.HtmlService - JSESSIONID--->BA6A77C83A4B8A39A45C30215D46D299
2017-04-07 09:17:28.386 INFO  com.html.service.HtmlService - action--->login;jsessionid=BA6A77C83A4B8A39A45C30215D46D299
2017-04-07 09:17:28.397 INFO  com.html.service.HtmlService - lt--->_c8A0918C4-7256-80FD-7250-4C9C99B95C5E_kD791BA6D-72DD-7CEB-3969-AC225B8058B4
2017-04-07 09:17:28.398 INFO  com.html.service.HtmlService - _eventId--->submit
2017-04-07 09:17:28.411 INFO  com.html.service.HtmlService - 图片生成成功.
2017-04-07 09:17:28.415 INFO  com.html.service.Tess4jCode - 识别的验证码图片位置：[H:\workspace(3)\Regular\checkCode.jpg]
2017-04-07 09:17:29.715 INFO  com.html.service.Tess4jCode - 识别图片的结果：[XJWZ]
2017-04-07 09:17:29.891 INFO  com.html.service.HtmlService - 图片验证的结果：[{result:true}],发送的code:[XJWZ],JSESSIONID的值:[BA6A77C83A4B8A39A45C30215D46D299]
2017-04-07 09:17:29.940 INFO  com.html.service.HtmlService - 提交表单后返回的cookies:{CASTGC=TGT-11677-QbN2BbmA0Z4cyNdEtsFKjVwnFWJYtjEYFyxtOnb694UsRuOcnc, CASPRIVACY=""}
2017-04-07 09:17:29.956 INFO  com.html.service.HtmlService - JSESSIONID:[BA6A77C83A4B8A39A45C30215D46D299],提交表单后Response URL:[http://pmo.ultrapower.com.cn/ucas/login],返回的状态码:[200]
2017-04-07 13:57:05.252 INFO  com.html.service.HtmlService - JSESSIONID--->A2E17CCE51DF0C586F2669D914C4D2FE
2017-04-07 13:57:05.594 INFO  com.html.service.HtmlService - action--->login;jsessionid=A2E17CCE51DF0C586F2669D914C4D2FE
2017-04-07 13:57:05.603 INFO  com.html.service.HtmlService - lt--->_cF8117661-79C9-12A8-847D-16B6F61D3274_kC88E362E-BC4F-9CA7-5ED5-7DD24E6E7BB8
2017-04-07 13:57:05.604 INFO  com.html.service.HtmlService - _eventId--->submit
2017-04-07 13:57:05.615 INFO  com.html.service.HtmlService - 图片生成成功.
2017-04-07 13:57:05.620 INFO  com.html.service.Tess4jCode - 识别的验证码图片位置：[H:\workspace(3)\Regular\checkCode.jpg]
2017-04-07 13:57:07.669 INFO  com.html.service.Tess4jCode - 识别图片的结果：[7SLT]
2017-04-07 13:57:07.890 INFO  com.html.service.HtmlService - 图片验证的结果：[{result:true}],发送的code:[7SLT],JSESSIONID的值:[A2E17CCE51DF0C586F2669D914C4D2FE]
2017-04-07 13:57:07.954 INFO  com.html.service.HtmlService - JSESSIONID:[A2E17CCE51DF0C586F2669D914C4D2FE], 返回的状态码:[200], Response URL[http://pmo.ultrapower.com.cn/ucas/login]
2017-04-07 13:57:07.956 INFO  com.html.service.HtmlService - 提交表单后返回的cookies[{CASTGC=TGT-12985-2hACyYflAdws03cmUxY6nJ6lzdFEJCDqPWAlGcuM4IzCHcKGLo, CASPRIVACY=""}], Response Head[{Content-Language=en-US, Date=Fri, 07 Apr 2017 05:53:07 GMT, P3P=CP="CURa ADMa DEVa PSAo PSDo OUR BUS UNI PUR INT DEM STA PRE COM NAV OTC NOI DSP COR", Content-Length=149, Expires=Thu, 01 Jan 1970 00:00:00 GMT, Connection=keep-alive, Content-Type=text/html;charset=UTF-8, Server=nginx/1.9.12, Cache-Control=no-store, Pragma=No-cache}]
2017-04-07 13:57:07.991 INFO  com.html.service.HtmlService - 此方法发送的url[http://eoms.ultrapower.com.cn/ultrapmo/portal/index_new.action], 返回的子票据获取的地址:[null], 返回的JSESSIONID[5C5878149C616A6C88DFED331D150F6E]
2017-04-07 14:02:36.528 INFO  com.html.service.HtmlService - JSESSIONID--->08CDB494AFECCC9518F28F15F65C12D2
2017-04-07 14:02:37.055 INFO  com.html.service.HtmlService - action--->login;jsessionid=08CDB494AFECCC9518F28F15F65C12D2
2017-04-07 14:02:37.067 INFO  com.html.service.HtmlService - lt--->_c7B30E37A-B968-EADB-4798-C40453C45D71_k480F89B3-F183-771B-2AA3-882F09EE7C1F
2017-04-07 14:02:37.071 INFO  com.html.service.HtmlService - _eventId--->submit
2017-04-07 14:02:37.085 INFO  com.html.service.HtmlService - 图片生成成功.
2017-04-07 14:02:37.091 INFO  com.html.service.Tess4jCode - 识别的验证码图片位置：[H:\workspace(3)\Regular\checkCode.jpg]
2017-04-07 14:02:39.065 INFO  com.html.service.Tess4jCode - 识别图片的结果：[XZKY]
2017-04-07 14:02:39.305 INFO  com.html.service.HtmlService - 图片验证的结果：[{result:false}],发送的code:[XZKY],JSESSIONID的值:[08CDB494AFECCC9518F28F15F65C12D2]
2017-04-07 14:02:45.007 INFO  com.html.service.HtmlService - JSESSIONID--->09A45ACC62617F25503994B63DD37ACE
2017-04-07 14:02:45.711 INFO  com.html.service.HtmlService - action--->login;jsessionid=09A45ACC62617F25503994B63DD37ACE
2017-04-07 14:02:45.719 INFO  com.html.service.HtmlService - lt--->_cF499628F-B306-A6C4-02F2-48A6D4302CA6_kB426E0A0-9A45-EAC6-01AE-D4F1BF69E34C
2017-04-07 14:02:45.720 INFO  com.html.service.HtmlService - _eventId--->submit
2017-04-07 14:02:45.732 INFO  com.html.service.HtmlService - 图片生成成功.
2017-04-07 14:02:45.736 INFO  com.html.service.Tess4jCode - 识别的验证码图片位置：[H:\workspace(3)\Regular\checkCode.jpg]
2017-04-07 14:02:47.160 INFO  com.html.service.Tess4jCode - 识别图片的结果：[GECA]
2017-04-07 14:02:47.293 INFO  com.html.service.HtmlService - 图片验证的结果：[{result:true}],发送的code:[GECA],JSESSIONID的值:[09A45ACC62617F25503994B63DD37ACE]
2017-04-07 14:02:47.366 INFO  com.html.service.HtmlService - JSESSIONID:[09A45ACC62617F25503994B63DD37ACE], 返回的状态码:[200], Response URL[http://pmo.ultrapower.com.cn/ucas/login]
2017-04-07 14:02:47.367 INFO  com.html.service.HtmlService - 提交表单后返回的cookies[{CASTGC=TGT-13006-Jzwt69HLs3YpTWz5fcdAdstbvQ7RsOUOnil5ZTj6XOzeDZsplW, CASPRIVACY=""}], Response Head[{Content-Language=en-US, Date=Fri, 07 Apr 2017 05:58:47 GMT, P3P=CP="CURa ADMa DEVa PSAo PSDo OUR BUS UNI PUR INT DEM STA PRE COM NAV OTC NOI DSP COR", Content-Length=149, Expires=Thu, 01 Jan 1970 00:00:00 GMT, Connection=keep-alive, Content-Type=text/html;charset=UTF-8, Server=nginx/1.9.12, Cache-Control=no-store, Pragma=No-cache}]
2017-04-07 14:02:47.416 INFO  com.html.service.HtmlService - 此方法发送的url[http://eoms.ultrapower.com.cn/ultrapmo/portal/index_new.action], 返回的子票据获取的地址:[null], 返回的JSESSIONID[ACC6479CD18F68B1058BC1036D74A7B1]
2017-04-07 14:05:23.428 INFO  com.html.service.HtmlService - JSESSIONID--->96AB2476E401373577F56CE491C8E10A
2017-04-07 14:05:23.842 INFO  com.html.service.HtmlService - action--->login;jsessionid=96AB2476E401373577F56CE491C8E10A
2017-04-07 14:05:23.854 INFO  com.html.service.HtmlService - lt--->_cE086AFE8-F106-37C8-AC91-6F7D9199E9E9_k5E36D58E-2D9B-67B2-CC8F-CF8AE5697818
2017-04-07 14:05:23.856 INFO  com.html.service.HtmlService - _eventId--->submit
2017-04-07 14:05:23.864 INFO  com.html.service.HtmlService - 图片生成成功.
2017-04-07 14:05:23.870 INFO  com.html.service.Tess4jCode - 识别的验证码图片位置：[H:\workspace(3)\Regular\checkCode.jpg]
2017-04-07 14:05:26.146 INFO  com.html.service.Tess4jCode - 识别图片的结果：[X5RS]
2017-04-07 14:05:26.371 INFO  com.html.service.HtmlService - 图片验证的结果：[{result:false}],发送的code:[X5RS],JSESSIONID的值:[96AB2476E401373577F56CE491C8E10A]
2017-04-07 14:05:31.630 INFO  com.html.service.HtmlService - JSESSIONID--->5BF17E0342876DFDD4E1548BC92EA976
2017-04-07 14:05:32.001 INFO  com.html.service.HtmlService - action--->login;jsessionid=5BF17E0342876DFDD4E1548BC92EA976
2017-04-07 14:05:32.009 INFO  com.html.service.HtmlService - lt--->_cECB722BF-6261-F5FC-7313-C6BB7EB7E832_kBD193BD1-CB30-F2A7-E167-F123A1FB1437
2017-04-07 14:05:32.010 INFO  com.html.service.HtmlService - _eventId--->submit
2017-04-07 14:05:32.021 INFO  com.html.service.HtmlService - 图片生成成功.
2017-04-07 14:05:32.025 INFO  com.html.service.Tess4jCode - 识别的验证码图片位置：[H:\workspace(3)\Regular\checkCode.jpg]
2017-04-07 14:05:33.145 INFO  com.html.service.Tess4jCode - 识别图片的结果：[0LGSJ]
2017-04-07 14:05:33.367 INFO  com.html.service.HtmlService - 图片验证的结果：[{result:false}],发送的code:[0LGSJ],JSESSIONID的值:[5BF17E0342876DFDD4E1548BC92EA976]
2017-04-07 14:05:39.162 INFO  com.html.service.HtmlService - JSESSIONID--->411BAA3E29A615BFB41CAB0C01ECA9AF
2017-04-07 14:05:39.527 INFO  com.html.service.HtmlService - action--->login;jsessionid=411BAA3E29A615BFB41CAB0C01ECA9AF
2017-04-07 14:05:39.541 INFO  com.html.service.HtmlService - lt--->_c39518383-50B2-9A24-8791-8D2CA7BB3FA7_k4FB45C65-5BB4-DF9A-B857-0270FFD6B3DF
2017-04-07 14:05:39.543 INFO  com.html.service.HtmlService - _eventId--->submit
2017-04-07 14:05:39.555 INFO  com.html.service.HtmlService - 图片生成成功.
2017-04-07 14:05:39.563 INFO  com.html.service.Tess4jCode - 识别的验证码图片位置：[H:\workspace(3)\Regular\checkCode.jpg]
2017-04-07 14:05:40.815 INFO  com.html.service.Tess4jCode - 识别图片的结果：[SXTY]
2017-04-07 14:05:40.951 INFO  com.html.service.HtmlService - 图片验证的结果：[{result:false}],发送的code:[SXTY],JSESSIONID的值:[411BAA3E29A615BFB41CAB0C01ECA9AF]
2017-04-07 14:05:47.117 INFO  com.html.service.HtmlService - JSESSIONID--->0078D4D10D902922BBD7A080F2113808
2017-04-07 14:05:47.489 INFO  com.html.service.HtmlService - action--->login;jsessionid=0078D4D10D902922BBD7A080F2113808
2017-04-07 14:05:47.499 INFO  com.html.service.HtmlService - lt--->_cC34FA873-CDDA-1C25-BC4C-0CD64C54101F_kBFE869BA-B919-A59D-C3D8-D35585E43020
2017-04-07 14:05:47.500 INFO  com.html.service.HtmlService - _eventId--->submit
2017-04-07 14:05:47.521 INFO  com.html.service.HtmlService - 图片生成成功.
2017-04-07 14:05:47.525 INFO  com.html.service.Tess4jCode - 识别的验证码图片位置：[H:\workspace(3)\Regular\checkCode.jpg]
2017-04-07 14:05:48.799 INFO  com.html.service.Tess4jCode - 识别图片的结果：[V4MF]
2017-04-07 14:05:48.983 INFO  com.html.service.HtmlService - 图片验证的结果：[{result:true}],发送的code:[V4MF],JSESSIONID的值:[0078D4D10D902922BBD7A080F2113808]
2017-04-07 14:05:49.078 INFO  com.html.service.HtmlService - JSESSIONID:[0078D4D10D902922BBD7A080F2113808], 返回的状态码:[200], Response URL[http://pmo.ultrapower.com.cn/ucas/login]
2017-04-07 14:05:49.078 INFO  com.html.service.HtmlService - 提交表单后返回的cookies[{CASTGC=TGT-13023-twpiaL67UhMWJbM3hc54SKI7X1wDuh56YiadtsxWwJrecAM1W4, CASPRIVACY=""}], Response Head[{Content-Language=en-US, Date=Fri, 07 Apr 2017 06:01:48 GMT, P3P=CP="CURa ADMa DEVa PSAo PSDo OUR BUS UNI PUR INT DEM STA PRE COM NAV OTC NOI DSP COR", Content-Length=149, Expires=Thu, 01 Jan 1970 00:00:00 GMT, Connection=keep-alive, Content-Type=text/html;charset=UTF-8, Server=nginx/1.9.12, Cache-Control=no-store, Pragma=No-cache}]
2017-04-07 14:05:49.118 INFO  com.html.service.HtmlService - 此方法发送的url[http://eoms.ultrapower.com.cn/ultrapmo/portal/index_new.action], 返回的子票据获取的地址:[null], 返回的JSESSIONID[BB5A29F07CFFD556645F0FC4B43E6F9A]
2017-04-07 14:45:33.673 INFO  com.html.service.HtmlService - JSESSIONID--->59004664B7EA7E5E475AA45F5C2C4316
2017-04-07 14:45:34.103 INFO  com.html.service.HtmlService - action--->login;jsessionid=59004664B7EA7E5E475AA45F5C2C4316
2017-04-07 14:45:34.115 INFO  com.html.service.HtmlService - lt--->_cEF09D46C-B182-F09F-C7A2-0C41E7D6848C_k162DB2D6-D31D-2641-CFEF-E5D6F42C4149
2017-04-07 14:45:34.115 INFO  com.html.service.HtmlService - _eventId--->submit
2017-04-07 14:45:34.127 INFO  com.html.service.HtmlService - 图片生成成功.
2017-04-07 14:45:34.132 INFO  com.html.service.Tess4jCode - 识别的验证码图片位置：[H:\workspace(3)\Regular\checkCode.jpg]
2017-04-07 14:45:36.285 INFO  com.html.service.Tess4jCode - 识别图片的结果：[ZWFN]
2017-04-07 14:45:36.530 INFO  com.html.service.HtmlService - 图片验证的结果：[{result:false}],发送的code:[ZWFN],JSESSIONID的值:[59004664B7EA7E5E475AA45F5C2C4316]
2017-04-07 14:46:03.323 INFO  com.html.service.HtmlService - JSESSIONID--->367730504ABB8741C0F586BC7CD66247
2017-04-07 14:46:03.748 INFO  com.html.service.HtmlService - action--->login;jsessionid=367730504ABB8741C0F586BC7CD66247
2017-04-07 14:46:03.759 INFO  com.html.service.HtmlService - lt--->_cAC006FA6-746E-174D-F3F9-787D3571936A_kDBC12432-DF83-EBCC-3990-A01D87B3394A
2017-04-07 14:46:03.760 INFO  com.html.service.HtmlService - _eventId--->submit
2017-04-07 14:46:03.769 INFO  com.html.service.HtmlService - 图片生成成功.
2017-04-07 14:46:03.774 INFO  com.html.service.Tess4jCode - 识别的验证码图片位置：[H:\workspace(3)\Regular\checkCode.jpg]
2017-04-07 14:46:04.984 INFO  com.html.service.Tess4jCode - 识别图片的结果：[G7ac]
2017-04-07 14:46:05.130 INFO  com.html.service.HtmlService - 图片验证的结果：[{result:false}],发送的code:[G7ac],JSESSIONID的值:[367730504ABB8741C0F586BC7CD66247]
2017-04-07 14:46:09.942 INFO  com.html.service.HtmlService - JSESSIONID--->3F311111D12C9054FA1D82430D7CBA3A
2017-04-07 14:46:10.405 INFO  com.html.service.HtmlService - action--->login;jsessionid=3F311111D12C9054FA1D82430D7CBA3A
2017-04-07 14:46:10.413 INFO  com.html.service.HtmlService - lt--->_c0C36A1C6-4072-8942-57CA-5404C2C2DB8B_k5F5D2646-FECD-5816-A8F4-7052B3456D26
2017-04-07 14:46:10.415 INFO  com.html.service.HtmlService - _eventId--->submit
2017-04-07 14:46:10.423 INFO  com.html.service.HtmlService - 图片生成成功.
2017-04-07 14:46:10.428 INFO  com.html.service.Tess4jCode - 识别的验证码图片位置：[H:\workspace(3)\Regular\checkCode.jpg]
2017-04-07 14:46:11.556 INFO  com.html.service.Tess4jCode - 识别图片的结果：[GWSc]
2017-04-07 14:46:11.714 INFO  com.html.service.HtmlService - 图片验证的结果：[{result:false}],发送的code:[GWSc],JSESSIONID的值:[3F311111D12C9054FA1D82430D7CBA3A]
2017-04-07 14:46:59.931 INFO  com.html.service.HtmlService - JSESSIONID--->B6C8E12A8C11DE37F3A78B56D27BD6AE
2017-04-07 14:47:00.308 INFO  com.html.service.HtmlService - action--->login;jsessionid=B6C8E12A8C11DE37F3A78B56D27BD6AE
2017-04-07 14:47:00.318 INFO  com.html.service.HtmlService - lt--->_c1710DC16-3A6E-B499-B5AF-93F80969009E_kE890A55F-17D0-31E2-F470-22961D30A41F
2017-04-07 14:47:00.319 INFO  com.html.service.HtmlService - _eventId--->submit
2017-04-07 14:47:00.331 INFO  com.html.service.HtmlService - 图片生成成功.
2017-04-07 14:47:00.335 INFO  com.html.service.Tess4jCode - 识别的验证码图片位置：[H:\workspace(3)\Regular\checkCode.jpg]
2017-04-07 14:47:01.429 INFO  com.html.service.Tess4jCode - 识别图片的结果：[FVFJ]
2017-04-07 14:47:01.564 INFO  com.html.service.HtmlService - 图片验证的结果：[{result:false}],发送的code:[FVFJ],JSESSIONID的值:[B6C8E12A8C11DE37F3A78B56D27BD6AE]
2017-04-07 14:47:07.291 INFO  com.html.service.HtmlService - JSESSIONID--->4E174E1868CFF2F4D005D504AEBC47FD
2017-04-07 14:47:07.748 INFO  com.html.service.HtmlService - action--->login;jsessionid=4E174E1868CFF2F4D005D504AEBC47FD
2017-04-07 14:47:07.757 INFO  com.html.service.HtmlService - lt--->_c240DF6CD-0B73-C5D2-FFFC-E58F991E3F6B_k36A5374E-934C-5D43-0787-F499FBAE95F0
2017-04-07 14:47:07.757 INFO  com.html.service.HtmlService - _eventId--->submit
2017-04-07 14:47:07.768 INFO  com.html.service.HtmlService - 图片生成成功.
2017-04-07 14:47:07.772 INFO  com.html.service.Tess4jCode - 识别的验证码图片位置：[H:\workspace(3)\Regular\checkCode.jpg]
2017-04-07 14:47:09.256 INFO  com.html.service.Tess4jCode - 识别图片的结果：[BFBE]
2017-04-07 14:47:09.388 INFO  com.html.service.HtmlService - 图片验证的结果：[{result:false}],发送的code:[BFBE],JSESSIONID的值:[4E174E1868CFF2F4D005D504AEBC47FD]
2017-04-07 14:47:15.781 INFO  com.html.service.HtmlService - JSESSIONID--->3F9FAD99E1C502F617DE073BCFDEC01F
2017-04-07 14:47:16.154 INFO  com.html.service.HtmlService - action--->login;jsessionid=3F9FAD99E1C502F617DE073BCFDEC01F
2017-04-07 14:47:16.163 INFO  com.html.service.HtmlService - lt--->_c2E29C3A6-0F07-DADE-8BF2-0068E96EECE5_kBD97E4A3-B848-9ACA-C728-43EAD5CA8141
2017-04-07 14:47:16.164 INFO  com.html.service.HtmlService - _eventId--->submit
2017-04-07 14:47:16.175 INFO  com.html.service.HtmlService - 图片生成成功.
2017-04-07 14:47:16.180 INFO  com.html.service.Tess4jCode - 识别的验证码图片位置：[H:\workspace(3)\Regular\checkCode.jpg]
2017-04-07 14:47:17.287 INFO  com.html.service.Tess4jCode - 识别图片的结果：[TZNW]
2017-04-07 14:47:17.425 INFO  com.html.service.HtmlService - 图片验证的结果：[{result:false}],发送的code:[TZNW],JSESSIONID的值:[3F9FAD99E1C502F617DE073BCFDEC01F]
2017-04-07 14:47:28.898 INFO  com.html.service.HtmlService - JSESSIONID--->E5104603B040ACB4CA2BCEDAA74C0AF3
2017-04-07 14:47:29.348 INFO  com.html.service.HtmlService - action--->login;jsessionid=E5104603B040ACB4CA2BCEDAA74C0AF3
2017-04-07 14:47:29.357 INFO  com.html.service.HtmlService - lt--->_c4585BB7F-8B4C-F5F9-F3F2-30D110281136_k2DE14D28-A184-34A2-67A0-ED9B495B627F
2017-04-07 14:47:29.358 INFO  com.html.service.HtmlService - _eventId--->submit
2017-04-07 14:47:29.368 INFO  com.html.service.HtmlService - 图片生成成功.
2017-04-07 14:47:29.371 INFO  com.html.service.Tess4jCode - 识别的验证码图片位置：[H:\workspace(3)\Regular\checkCode.jpg]
2017-04-07 14:47:30.562 INFO  com.html.service.Tess4jCode - 识别图片的结果：[AJCW]
2017-04-07 14:47:30.697 INFO  com.html.service.HtmlService - 图片验证的结果：[{result:true}],发送的code:[AJCW],JSESSIONID的值:[E5104603B040ACB4CA2BCEDAA74C0AF3]
2017-04-07 14:47:30.783 INFO  com.html.service.HtmlService - JSESSIONID:[E5104603B040ACB4CA2BCEDAA74C0AF3], 返回的状态码:[200], Response URL[http://pmo.ultrapower.com.cn/ucas/login]
2017-04-07 14:47:30.783 INFO  com.html.service.HtmlService - 提交表单后返回的cookies[{CASTGC=TGT-13200-o3Git7KKctpfiimmRRgD6ns6AvlcmWUNQxIeCSSM4pkcy10HS1, CASPRIVACY=""}], Response Head[{Content-Language=en-US, Date=Fri, 07 Apr 2017 06:43:30 GMT, P3P=CP="CURa ADMa DEVa PSAo PSDo OUR BUS UNI PUR INT DEM STA PRE COM NAV OTC NOI DSP COR", Content-Length=149, Expires=Thu, 01 Jan 1970 00:00:00 GMT, Connection=keep-alive, Content-Type=text/html;charset=UTF-8, Server=nginx/1.9.12, Cache-Control=no-store, Pragma=No-cache}]
2017-04-07 14:47:30.823 INFO  com.html.service.HtmlService - 此方法发送的url[http://eoms.ultrapower.com.cn/ultrapmo/portal/index_new.action], 返回的子票据获取的地址:[null], 返回的JSESSIONID[D0D1A393A9444B156DB967D83B2CBB62]
2017-04-07 14:51:39.636 INFO  com.html.service.HtmlService - JSESSIONID--->45DFA1E171A49EC5AF6A1825C374D8A5
2017-04-07 14:51:39.938 INFO  com.html.service.HtmlService - action--->login;jsessionid=45DFA1E171A49EC5AF6A1825C374D8A5
2017-04-07 14:51:39.950 INFO  com.html.service.HtmlService - lt--->_cD43A1374-BD88-58A7-BA59-BB9483FB0D11_k680493D9-D850-1B6F-3E8C-2D17EB40FA55
2017-04-07 14:51:39.952 INFO  com.html.service.HtmlService - _eventId--->submit
2017-04-07 14:51:39.988 INFO  com.html.service.HtmlService - 图片生成成功.
2017-04-07 14:51:39.992 INFO  com.html.service.Tess4jCode - 识别的验证码图片位置：[H:\workspace(3)\Regular\checkCode.jpg]
2017-04-07 14:51:41.142 INFO  com.html.service.Tess4jCode - 识别图片的结果：[A72V]
2017-04-07 14:51:41.271 INFO  com.html.service.HtmlService - 图片验证的结果：[{result:false}],发送的code:[A72V],JSESSIONID的值:[45DFA1E171A49EC5AF6A1825C374D8A5]
2017-04-07 14:52:00.861 INFO  com.html.service.HtmlService - JSESSIONID--->328E336D527AD0B32A30A55DBD4E5400
2017-04-07 14:52:01.289 INFO  com.html.service.HtmlService - action--->login;jsessionid=328E336D527AD0B32A30A55DBD4E5400
2017-04-07 14:52:01.301 INFO  com.html.service.HtmlService - lt--->_c7CCC370D-2842-6152-74A9-94DE65DC5272_k495FBA25-EBB5-A9DE-2607-BAF9A1B39B8C
2017-04-07 14:52:01.302 INFO  com.html.service.HtmlService - _eventId--->submit
2017-04-07 14:52:01.312 INFO  com.html.service.HtmlService - 图片生成成功.
2017-04-07 14:52:01.317 INFO  com.html.service.Tess4jCode - 识别的验证码图片位置：[H:\workspace(3)\Regular\checkCode.jpg]
2017-04-07 14:52:02.656 INFO  com.html.service.Tess4jCode - 识别图片的结果：[KSDM]
2017-04-07 14:52:02.796 INFO  com.html.service.HtmlService - 图片验证的结果：[{result:false}],发送的code:[KSDM],JSESSIONID的值:[328E336D527AD0B32A30A55DBD4E5400]
2017-04-07 14:52:07.557 INFO  com.html.service.HtmlService - JSESSIONID--->95EC0D2A319C62F3BCBFE23C4F1BC53D
2017-04-07 14:52:08.011 INFO  com.html.service.HtmlService - action--->login;jsessionid=95EC0D2A319C62F3BCBFE23C4F1BC53D
2017-04-07 14:52:08.020 INFO  com.html.service.HtmlService - lt--->_c5D801BEB-46D5-EF51-BDF1-98D812D06B57_kE6CD5640-F150-8EEF-104B-422DB6A13E04
2017-04-07 14:52:08.020 INFO  com.html.service.HtmlService - _eventId--->submit
2017-04-07 14:52:08.031 INFO  com.html.service.HtmlService - 图片生成成功.
2017-04-07 14:52:08.034 INFO  com.html.service.Tess4jCode - 识别的验证码图片位置：[H:\workspace(3)\Regular\checkCode.jpg]
2017-04-07 14:52:09.168 INFO  com.html.service.Tess4jCode - 识别图片的结果：[7DBK]
2017-04-07 14:52:09.300 INFO  com.html.service.HtmlService - 图片验证的结果：[{result:true}],发送的code:[7DBK],JSESSIONID的值:[95EC0D2A319C62F3BCBFE23C4F1BC53D]
2017-04-07 14:52:09.512 INFO  com.html.service.HtmlService - JSESSIONID:[95EC0D2A319C62F3BCBFE23C4F1BC53D], 返回的状态码:[200], Response URL[http://pmo.ultrapower.com.cn/ucas/login]
2017-04-07 14:52:09.513 INFO  com.html.service.HtmlService - 提交表单后返回的cookies[{CASTGC=TGT-13218-5hPezZhLhwMzds67nru1dj2mmhbdTcnWerg7dOzSnvIRjqSaQ6, CASPRIVACY=""}], Response Head[{Content-Language=en-US, Date=Fri, 07 Apr 2017 06:48:09 GMT, P3P=CP="CURa ADMa DEVa PSAo PSDo OUR BUS UNI PUR INT DEM STA PRE COM NAV OTC NOI DSP COR", Content-Length=149, Expires=Thu, 01 Jan 1970 00:00:00 GMT, Connection=keep-alive, Content-Type=text/html;charset=UTF-8, Server=nginx/1.9.12, Cache-Control=no-store, Pragma=No-cache}]
2017-04-07 14:52:09.540 INFO  com.html.service.HtmlService - 此方法发送的url[http://eoms.ultrapower.com.cn/ultrapmo/portal/index_new.action], 返回的子票据获取的地址:[http://pmo.ultrapower.com.cn:80/ucas/login?service=http%3A%2F%2Feoms.ultrapower.com.cn%2Fultrapmo%2Fj_acegi_cas_security_check%3Bjsessionid%3DA36D452C79C0A889203B515DF43E9FB0%3Ft%3Dhttp%253A%252F%252Feoms.ultrapower.com.cn%252Fultrapmo%252Fportal%252Findex_new.action], 返回的JSESSIONID[0E42FD1AE22795E7E5A720C9B3668CC5]
2017-04-07 14:55:36.875 INFO  com.html.service.HtmlService - JSESSIONID--->B09E3D88E71C59BDAF3C11769175705F
2017-04-07 14:55:37.292 INFO  com.html.service.HtmlService - action--->login;jsessionid=B09E3D88E71C59BDAF3C11769175705F
2017-04-07 14:55:37.305 INFO  com.html.service.HtmlService - lt--->_c27416A05-4CA3-DEEB-9F80-D630B80EB7B2_k93FEE953-C0E4-CE18-5A9C-16C78315F429
2017-04-07 14:55:37.306 INFO  com.html.service.HtmlService - _eventId--->submit
2017-04-07 14:55:37.318 INFO  com.html.service.HtmlService - 图片生成成功.
2017-04-07 14:55:37.323 INFO  com.html.service.Tess4jCode - 识别的验证码图片位置：[H:\workspace(3)\Regular\checkCode.jpg]
2017-04-07 14:55:38.496 INFO  com.html.service.Tess4jCode - 识别图片的结果：[3EAB]
2017-04-07 14:55:38.653 INFO  com.html.service.HtmlService - 图片验证的结果：[{result:false}],发送的code:[3EAB],JSESSIONID的值:[B09E3D88E71C59BDAF3C11769175705F]
2017-04-07 14:55:43.841 INFO  com.html.service.HtmlService - JSESSIONID--->A6AEC1B8B65A108AC8BD480722031A9A
2017-04-07 14:55:44.279 INFO  com.html.service.HtmlService - action--->login;jsessionid=A6AEC1B8B65A108AC8BD480722031A9A
2017-04-07 14:55:44.287 INFO  com.html.service.HtmlService - lt--->_cCF671FFE-91F5-CC1D-CF72-E8F51D72EF5C_k5513E7F0-1999-9D78-1D69-3A313100F741
2017-04-07 14:55:44.288 INFO  com.html.service.HtmlService - _eventId--->submit
2017-04-07 14:55:44.300 INFO  com.html.service.HtmlService - 图片生成成功.
2017-04-07 14:55:44.304 INFO  com.html.service.Tess4jCode - 识别的验证码图片位置：[H:\workspace(3)\Regular\checkCode.jpg]
2017-04-07 14:55:45.398 INFO  com.html.service.Tess4jCode - 识别图片的结果：[4KRF]
2017-04-07 14:55:45.533 INFO  com.html.service.HtmlService - 图片验证的结果：[{result:false}],发送的code:[4KRF],JSESSIONID的值:[A6AEC1B8B65A108AC8BD480722031A9A]
2017-04-07 14:55:50.939 INFO  com.html.service.HtmlService - JSESSIONID--->2252F9BD87EEDDB2C0C8538B8C9187FA
2017-04-07 14:55:51.397 INFO  com.html.service.HtmlService - action--->login;jsessionid=2252F9BD87EEDDB2C0C8538B8C9187FA
2017-04-07 14:55:51.405 INFO  com.html.service.HtmlService - lt--->_cC5DC275A-ABA1-4837-30F7-DE76E8D2BE81_k551E83B7-A00C-CEFB-AE75-77A9405611D5
2017-04-07 14:55:51.406 INFO  com.html.service.HtmlService - _eventId--->submit
2017-04-07 14:55:51.417 INFO  com.html.service.HtmlService - 图片生成成功.
2017-04-07 14:55:51.421 INFO  com.html.service.Tess4jCode - 识别的验证码图片位置：[H:\workspace(3)\Regular\checkCode.jpg]
2017-04-07 14:55:52.630 INFO  com.html.service.Tess4jCode - 识别图片的结果：[MBGW]
2017-04-07 14:55:52.760 INFO  com.html.service.HtmlService - 图片验证的结果：[{result:false}],发送的code:[MBGW],JSESSIONID的值:[2252F9BD87EEDDB2C0C8538B8C9187FA]
2017-04-07 14:55:58.200 INFO  com.html.service.HtmlService - JSESSIONID--->C1951B5D4F4FC0F941E783D9497A567F
2017-04-07 14:55:58.679 INFO  com.html.service.HtmlService - action--->login;jsessionid=C1951B5D4F4FC0F941E783D9497A567F
2017-04-07 14:55:58.688 INFO  com.html.service.HtmlService - lt--->_c88281E22-97D8-AFFA-773B-C670BCCF6A16_k733C795C-57DF-94E0-EA01-5BE9A51F36AC
2017-04-07 14:55:58.690 INFO  com.html.service.HtmlService - _eventId--->submit
2017-04-07 14:55:58.701 INFO  com.html.service.HtmlService - 图片生成成功.
2017-04-07 14:55:58.706 INFO  com.html.service.Tess4jCode - 识别的验证码图片位置：[H:\workspace(3)\Regular\checkCode.jpg]
2017-04-07 14:55:59.793 INFO  com.html.service.Tess4jCode - 识别图片的结果：[VTWT]
2017-04-07 14:55:59.923 INFO  com.html.service.HtmlService - 图片验证的结果：[{result:false}],发送的code:[VTWT],JSESSIONID的值:[C1951B5D4F4FC0F941E783D9497A567F]
2017-04-07 14:56:09.497 INFO  com.html.service.HtmlService - JSESSIONID--->B3A7AB73A924FD542F07CC004FE67E65
2017-04-07 14:56:09.918 INFO  com.html.service.HtmlService - action--->login;jsessionid=B3A7AB73A924FD542F07CC004FE67E65
2017-04-07 14:56:09.928 INFO  com.html.service.HtmlService - lt--->_cF8527E62-05F1-ABBF-8C0A-B758823E9DEC_kE356A027-A38A-F39C-82EF-58394B9C96D5
2017-04-07 14:56:09.929 INFO  com.html.service.HtmlService - _eventId--->submit
2017-04-07 14:56:09.940 INFO  com.html.service.HtmlService - 图片生成成功.
2017-04-07 14:56:09.944 INFO  com.html.service.Tess4jCode - 识别的验证码图片位置：[H:\workspace(3)\Regular\checkCode.jpg]
2017-04-07 14:56:11.093 INFO  com.html.service.Tess4jCode - 识别图片的结果：[34KM]
2017-04-07 14:56:11.225 INFO  com.html.service.HtmlService - 图片验证的结果：[{result:false}],发送的code:[34KM],JSESSIONID的值:[B3A7AB73A924FD542F07CC004FE67E65]
2017-04-07 14:56:15.586 INFO  com.html.service.HtmlService - JSESSIONID--->01565045024A4FEBD407CF74F90D8F30
2017-04-07 14:56:15.923 INFO  com.html.service.HtmlService - action--->login;jsessionid=01565045024A4FEBD407CF74F90D8F30
2017-04-07 14:56:15.933 INFO  com.html.service.HtmlService - lt--->_cF85476FE-51BD-BEAA-D8CB-370A1CD565E6_k045BDBAE-1277-DF2B-FD0C-59F87BDD8407
2017-04-07 14:56:15.934 INFO  com.html.service.HtmlService - _eventId--->submit
2017-04-07 14:56:15.945 INFO  com.html.service.HtmlService - 图片生成成功.
2017-04-07 14:56:15.950 INFO  com.html.service.Tess4jCode - 识别的验证码图片位置：[H:\workspace(3)\Regular\checkCode.jpg]
2017-04-07 14:56:17.116 INFO  com.html.service.Tess4jCode - 识别图片的结果：[T2AL]
2017-04-07 14:56:17.245 INFO  com.html.service.HtmlService - 图片验证的结果：[{result:true}],发送的code:[T2AL],JSESSIONID的值:[01565045024A4FEBD407CF74F90D8F30]
2017-04-07 14:56:17.293 INFO  com.html.service.HtmlService - JSESSIONID:[01565045024A4FEBD407CF74F90D8F30], 返回的状态码:[200], Response URL[http://pmo.ultrapower.com.cn/ucas/login]
2017-04-07 14:56:17.294 INFO  com.html.service.HtmlService - 提交表单后返回的cookies[{CASTGC=TGT-13239-5gs6YwcKL940USGpXFZEd1f4xak6SUztgnAxby2fgHi5YOKLIX, CASPRIVACY=""}], Response Head[{Content-Language=en-US, Date=Fri, 07 Apr 2017 06:52:16 GMT, P3P=CP="CURa ADMa DEVa PSAo PSDo OUR BUS UNI PUR INT DEM STA PRE COM NAV OTC NOI DSP COR", Content-Length=149, Expires=Thu, 01 Jan 1970 00:00:00 GMT, Connection=keep-alive, Content-Type=text/html;charset=UTF-8, Server=nginx/1.9.12, Cache-Control=no-store, Pragma=No-cache}]
2017-04-07 14:56:17.323 INFO  com.html.service.HtmlService - 此方法发送的url[http://eoms.ultrapower.com.cn/ultrapmo/portal/index_new.action], 返回的子票据获取的地址:[http://pmo.ultrapower.com.cn:80/ucas/login?service=http%3A%2F%2Feoms.ultrapower.com.cn%2Fultrapmo%2Fj_acegi_cas_security_check%3Bjsessionid%3D8DBEA146685859FD6A682F3417E7CD33%3Ft%3Dhttp%253A%252F%252Feoms.ultrapower.com.cn%252Fultrapmo%252Fportal%252Findex_new.action], 返回的JSESSIONID[A51E488472A893DD0D910FCEA47736A4]
2017-04-07 14:57:42.591 INFO  com.html.service.HtmlService - JSESSIONID--->6228F740D9A40EFF606AF3ABD2F587E4
2017-04-07 14:57:43.027 INFO  com.html.service.HtmlService - action--->login;jsessionid=6228F740D9A40EFF606AF3ABD2F587E4
2017-04-07 14:57:43.039 INFO  com.html.service.HtmlService - lt--->_c3E5B6F69-43B0-ACF2-69B3-D6AC044B5F03_kD6FC2676-111F-D288-6E9F-3895B9B88F68
2017-04-07 14:57:43.040 INFO  com.html.service.HtmlService - _eventId--->submit
2017-04-07 14:57:43.051 INFO  com.html.service.HtmlService - 图片生成成功.
2017-04-07 14:57:43.062 INFO  com.html.service.Tess4jCode - 识别的验证码图片位置：[H:\workspace(3)\Regular\checkCode.jpg]
2017-04-07 14:57:44.363 INFO  com.html.service.Tess4jCode - 识别图片的结果：[6F3K]
2017-04-07 14:57:44.510 INFO  com.html.service.HtmlService - 图片验证的结果：[{result:false}],发送的code:[6F3K],JSESSIONID的值:[6228F740D9A40EFF606AF3ABD2F587E4]
2017-04-07 14:57:52.384 INFO  com.html.service.HtmlService - JSESSIONID--->16E69C855A1DD7F420B8366F3D9C9AF1
2017-04-07 14:57:53.010 INFO  com.html.service.HtmlService - action--->login;jsessionid=16E69C855A1DD7F420B8366F3D9C9AF1
2017-04-07 14:57:53.022 INFO  com.html.service.HtmlService - lt--->_c29751A33-86A3-5F22-375D-AD85077DC8FB_k49EF8F15-6A7F-CF71-2A5C-7D8B0C3D9BEA
2017-04-07 14:57:53.023 INFO  com.html.service.HtmlService - _eventId--->submit
2017-04-07 14:57:53.034 INFO  com.html.service.HtmlService - 图片生成成功.
2017-04-07 14:57:53.039 INFO  com.html.service.Tess4jCode - 识别的验证码图片位置：[H:\workspace(3)\Regular\checkCode.jpg]
2017-04-07 14:57:54.306 INFO  com.html.service.Tess4jCode - 识别图片的结果：[CZA7]
2017-04-07 14:57:54.452 INFO  com.html.service.HtmlService - 图片验证的结果：[{result:true}],发送的code:[CZA7],JSESSIONID的值:[16E69C855A1DD7F420B8366F3D9C9AF1]
2017-04-07 14:57:54.510 INFO  com.html.service.HtmlService - JSESSIONID:[16E69C855A1DD7F420B8366F3D9C9AF1], 返回的状态码:[200], Response URL[http://pmo.ultrapower.com.cn/ucas/login]
2017-04-07 14:57:54.511 INFO  com.html.service.HtmlService - 提交表单后返回的cookies[{CASTGC=TGT-13247-PUCdzuWUEucaCNcGrG04IZglhNvfqfytSNTERPjlIg4b4SX2dc, CASPRIVACY=""}], Response Head[{Content-Language=en-US, Date=Fri, 07 Apr 2017 06:53:54 GMT, P3P=CP="CURa ADMa DEVa PSAo PSDo OUR BUS UNI PUR INT DEM STA PRE COM NAV OTC NOI DSP COR", Content-Length=149, Expires=Thu, 01 Jan 1970 00:00:00 GMT, Connection=keep-alive, Content-Type=text/html;charset=UTF-8, Server=nginx/1.9.12, Cache-Control=no-store, Pragma=No-cache}]
2017-04-07 14:57:54.630 INFO  com.html.service.HtmlService - 此方法发送的url[http://eoms.ultrapower.com.cn/ultrapmo/portal/index_new.action], 返回的子票据获取的地址:[http://pmo.ultrapower.com.cn:80/ucas/login?service=http%3A%2F%2Feoms.ultrapower.com.cn%2Fultrapmo%2Fj_acegi_cas_security_check%3Bjsessionid%3D386B645B3B7597D35C0AEB265CEFBB0B%3Ft%3Dhttp%253A%252F%252Feoms.ultrapower.com.cn%252Fultrapmo%252Fportal%252Findex_new.action], 返回的JSESSIONID[10A85CD75DE8DF3693301AA3C6157CED]
2017-04-07 15:08:21.314 INFO  com.html.service.HtmlService - JSESSIONID--->88097990DB877505BC26EDEEB578BB62
2017-04-07 15:08:21.712 INFO  com.html.service.HtmlService - action--->login;jsessionid=88097990DB877505BC26EDEEB578BB62
2017-04-07 15:08:21.724 INFO  com.html.service.HtmlService - lt--->_cAB27D8D4-5722-8BD2-7E67-3B7423A8A38F_kFE6D64D5-40B2-CB1E-CE86-96205F7C27D1
2017-04-07 15:08:21.725 INFO  com.html.service.HtmlService - _eventId--->submit
2017-04-07 15:08:21.737 INFO  com.html.service.HtmlService - 图片生成成功.
2017-04-07 15:08:21.759 INFO  com.html.service.Tess4jCode - 识别的验证码图片位置：[H:\workspace(3)\Regular\checkCode.jpg]
2017-04-07 15:08:24.373 INFO  com.html.service.Tess4jCode - 识别图片的结果：[TYTZ]
2017-04-07 15:08:24.612 INFO  com.html.service.HtmlService - 图片验证的结果：[{result:false}],发送的code:[TYTZ],JSESSIONID的值:[88097990DB877505BC26EDEEB578BB62]
2017-04-07 15:08:30.100 INFO  com.html.service.HtmlService - JSESSIONID--->AC67B3B366FC4561703A46AF4CAB146A
2017-04-07 15:08:30.645 INFO  com.html.service.HtmlService - action--->login;jsessionid=AC67B3B366FC4561703A46AF4CAB146A
2017-04-07 15:08:30.656 INFO  com.html.service.HtmlService - lt--->_c4B5258BE-671D-5635-CBE8-7292EDDA6EFA_k32123134-B926-D76B-CCFA-8C63D3FCEEE6
2017-04-07 15:08:30.657 INFO  com.html.service.HtmlService - _eventId--->submit
2017-04-07 15:08:30.670 INFO  com.html.service.HtmlService - 图片生成成功.
2017-04-07 15:08:30.674 INFO  com.html.service.Tess4jCode - 识别的验证码图片位置：[H:\workspace(3)\Regular\checkCode.jpg]
2017-04-07 15:08:32.040 INFO  com.html.service.Tess4jCode - 识别图片的结果：[AVBA]
2017-04-07 15:08:32.211 INFO  com.html.service.HtmlService - 图片验证的结果：[{result:false}],发送的code:[AVBA],JSESSIONID的值:[AC67B3B366FC4561703A46AF4CAB146A]
2017-04-07 15:08:38.534 INFO  com.html.service.HtmlService - JSESSIONID--->891669A95E61A097354811FD0163CE95
2017-04-07 15:08:39.063 INFO  com.html.service.HtmlService - action--->login;jsessionid=891669A95E61A097354811FD0163CE95
2017-04-07 15:08:39.071 INFO  com.html.service.HtmlService - lt--->_c4E680A3D-B720-641C-4F20-2BB604186767_k2F64D149-2DF4-1A24-752B-BB077D0CD3A7
2017-04-07 15:08:39.072 INFO  com.html.service.HtmlService - _eventId--->submit
2017-04-07 15:08:39.083 INFO  com.html.service.HtmlService - 图片生成成功.
2017-04-07 15:08:39.088 INFO  com.html.service.Tess4jCode - 识别的验证码图片位置：[H:\workspace(3)\Regular\checkCode.jpg]
2017-04-07 15:08:40.311 INFO  com.html.service.Tess4jCode - 识别图片的结果：[7aR2]
2017-04-07 15:08:40.446 INFO  com.html.service.HtmlService - 图片验证的结果：[{result:false}],发送的code:[7aR2],JSESSIONID的值:[891669A95E61A097354811FD0163CE95]
2017-04-07 15:08:45.886 INFO  com.html.service.HtmlService - JSESSIONID--->3410127968ED6C24FDC57E9411FA9745
2017-04-07 15:08:46.244 INFO  com.html.service.HtmlService - action--->login;jsessionid=3410127968ED6C24FDC57E9411FA9745
2017-04-07 15:08:46.255 INFO  com.html.service.HtmlService - lt--->_c8FFDBCAA-5F84-6001-7A1C-7295C7DF579E_k0231B9F7-F256-14F8-FB65-F51A5ABC47EC
2017-04-07 15:08:46.256 INFO  com.html.service.HtmlService - _eventId--->submit
2017-04-07 15:08:46.265 INFO  com.html.service.HtmlService - 图片生成成功.
2017-04-07 15:08:46.269 INFO  com.html.service.Tess4jCode - 识别的验证码图片位置：[H:\workspace(3)\Regular\checkCode.jpg]
2017-04-07 15:08:47.448 INFO  com.html.service.Tess4jCode - 识别图片的结果：[GVL7]
2017-04-07 15:08:47.579 INFO  com.html.service.HtmlService - 图片验证的结果：[{result:true}],发送的code:[GVL7],JSESSIONID的值:[3410127968ED6C24FDC57E9411FA9745]
2017-04-07 15:08:47.703 INFO  com.html.service.HtmlService - JSESSIONID:[3410127968ED6C24FDC57E9411FA9745], 返回的状态码:[200], Response URL[http://pmo.ultrapower.com.cn/ucas/login]
2017-04-07 15:08:47.704 INFO  com.html.service.HtmlService - 提交表单后返回的cookies[{CASTGC=TGT-13291-qW4EMgRePPMJLFtBS9rX9OJKQfegpsSc6zIxNM13QkLfqbk7pJ, CASPRIVACY=""}], Response Head[{Content-Language=en-US, Date=Fri, 07 Apr 2017 07:04:47 GMT, P3P=CP="CURa ADMa DEVa PSAo PSDo OUR BUS UNI PUR INT DEM STA PRE COM NAV OTC NOI DSP COR", Content-Length=149, Expires=Thu, 01 Jan 1970 00:00:00 GMT, Connection=keep-alive, Content-Type=text/html;charset=UTF-8, Server=nginx/1.9.12, Cache-Control=no-store, Pragma=No-cache}]
2017-04-07 15:08:47.733 INFO  com.html.service.HtmlService - 此方法发送的url[http://eoms.ultrapower.com.cn/ultrapmo/portal/index_new.action], 返回的子票据获取的地址:[http://pmo.ultrapower.com.cn:80/ucas/login?service=http%3A%2F%2Feoms.ultrapower.com.cn%2Fultrapmo%2Fj_acegi_cas_security_check%3Bjsessionid%3D3840F10BAC2793E1A99F1FC014036001%3Ft%3Dhttp%253A%252F%252Feoms.ultrapower.com.cn%252Fultrapmo%252Fportal%252Findex_new.action], 返回的JSESSIONID[2CC1656CAA33802D57162745A9C3F706]
2017-04-07 15:08:47.745 INFO  com.html.service.HtmlService - 此方法发送的url[http://pmo.ultrapower.com.cn:80/ucas/login?service=http%3A%2F%2Feoms.ultrapower.com.cn%2Fultrapmo%2Fj_acegi_cas_security_check%3Bjsessionid%3D3840F10BAC2793E1A99F1FC014036001%3Ft%3Dhttp%253A%252F%252Feoms.ultrapower.com.cn%252Fultrapmo%252Fportal%252Findex_new.action], 获取的到的URL【http://pmo.ultrapower.com.cn:80/ucas/login?service=http%3A%2F%2Feoms.ultrapower.com.cn%2Fultrapmo%2Fj_acegi_cas_security_check%3Bjsessionid%3D3840F10BAC2793E1A99F1FC014036001%3Ft%3Dhttp%253A%252F%252Feoms.ultrapower.com.cn%252Fultrapmo%252Fportal%252Findex_new.action&CASTGC=TGT-13291-qW4EMgRePPMJLFtBS9rX9OJKQfegpsSc6zIxNM13QkLfqbk7pJ】, 发送的JSESSIONID[3410127968ED6C24FDC57E9411FA9745], 发送的TGT:[TGT-13291-qW4EMgRePPMJLFtBS9rX9OJKQfegpsSc6zIxNM13QkLfqbk7pJ]
2017-04-07 15:08:47.756 INFO  com.html.service.HtmlService - 此方法发送的url[http://pmo.ultrapower.com.cn:80/ucas/login?service=http%3A%2F%2Feoms.ultrapower.com.cn%2Fultrapmo%2Fj_acegi_cas_security_check%3Bjsessionid%3D3840F10BAC2793E1A99F1FC014036001%3Ft%3Dhttp%253A%252F%252Feoms.ultrapower.com.cn%252Fultrapmo%252Fportal%252Findex_new.action&CASTGC=TGT-13291-qW4EMgRePPMJLFtBS9rX9OJKQfegpsSc6zIxNM13QkLfqbk7pJ], 接收到的url[http://pmo.ultrapower.com.cn:80/ucas/login?service=http%3A%2F%2Feoms.ultrapower.com.cn%2Fultrapmo%2Fj_acegi_cas_security_check%3Bjsessionid%3D3840F10BAC2793E1A99F1FC014036001%3Ft%3Dhttp%253A%252F%252Feoms.ultrapower.com.cn%252Fultrapmo%252Fportal%252Findex_new.action&CASTGC=TGT-13291-qW4EMgRePPMJLFtBS9rX9OJKQfegpsSc6zIxNM13QkLfqbk7pJ], 发送的JSESSIONID[2CC1656CAA33802D57162745A9C3F706]
2017-04-07 15:08:47.765 INFO  com.html.service.HtmlService - <(￣ˇ￣)/ 登录PMO,状态:[200], URL:[http://pmo.ultrapower.com.cn:80/ucas/login?service=http%3A%2F%2Feoms.ultrapower.com.cn%2Fultrapmo%2Fj_acegi_cas_security_check%3Bjsessionid%3D3840F10BAC2793E1A99F1FC014036001%3Ft%3Dhttp%253A%252F%252Feoms.ultrapower.com.cn%252Fultrapmo%252Fportal%252Findex_new.action&CASTGC=TGT-13291-qW4EMgRePPMJLFtBS9rX9OJKQfegpsSc6zIxNM13QkLfqbk7pJ], JSESSIONID:[2CC1656CAA33802D57162745A9C3F706], headers:[{Content-Language=en-US, Expires=Thu, 01 Jan 1970 00:00:00 GMT, Connection=keep-alive, Server=nginx/1.9.12, Cache-Control=no-store, Pragma=No-cache, Date=Fri, 07 Apr 2017 07:04:47 GMT, Transfer-Encoding=chunked, Vary=Accept-Encoding, P3P=CP="CURa ADMa DEVa PSAo PSDo OUR BUS UNI PUR INT DEM STA PRE COM NAV OTC NOI DSP COR", Content-Encoding=gzip, Content-Type=text/html;charset=UTF-8}]
